#
# There is insufficient memory for the Java Runtime Environment to continue.
# Native memory allocation (malloc) failed to allocate 32744 bytes for ChunkPool::allocate
# Possible reasons:
#   The system is out of physical RAM or swap space
#   The process is running with CompressedOops enabled, and the Java Heap may be blocking the growth of the native heap
# Possible solutions:
#   Reduce memory load on the system
#   Increase physical memory or swap space
#   Check if swap backing store is full
#   Decrease Java heap size (-Xmx/-Xms)
#   Decrease number of Java threads
#   Decrease Java thread stack sizes (-Xss)
#   Set larger code cache with -XX:ReservedCodeCacheSize=
#   JVM is running with Unscaled Compressed Oops mode in which the Java heap is
#     placed in the first 4GB address space. The Java Heap base address is the
#     maximum limit for the native heap growth. Please use -XX:HeapBaseMinAddress
#     to set the Java Heap base and to place the Java Heap above 4GB virtual address.
# This output file may be truncated or incomplete.
#
#  Out of Memory Error (arena.cpp:78), pid=13416, tid=19100
#
# JRE version: Java(TM) SE Runtime Environment (17.0.11+7) (build 17.0.11+7-LTS-207)
# Java VM: Java HotSpot(TM) 64-Bit Server VM (17.0.11+7-LTS-207, mixed mode, sharing, tiered, compressed oops, compressed class ptrs, g1 gc, windows-amd64)
# No core dump will be written. Minidumps are not enabled by default on client versions of Windows
#

---------------  S U M M A R Y ------------

Command Line: -Xmx64m -Xms64m -Dorg.gradle.appname=gradlew org.gradle.wrapper.GradleWrapperMain app:installDebug -PreactNativeDevServerPort=8081

Host: AMD Ryzen 5 5600H with Radeon Graphics         , 12 cores, 7G,  Windows 11 , 64 bit Build 26100 (10.0.26100.3624)
Time: Thu Apr  3 20:11:18 2025 India Standard Time elapsed time: 14.639340 seconds (0d 0h 0m 14s)

---------------  T H R E A D  ---------------

Current thread (0x0000026d3f6ced40):  JavaThread "C2 CompilerThread0" daemon [_thread_in_native, id=19100, stack(0x000000c69be00000,0x000000c69bf00000)]


Current CompileTask:
C2:  14639  422       4       jdk.internal.ref.PhantomCleanable::<init> (49 bytes)

Stack: [0x000000c69be00000,0x000000c69bf00000]
Native frames: (J=compiled Java code, j=interpreted, Vv=VM code, C=native code)
V  [jvm.dll+0x679cca]
V  [jvm.dll+0x7da13d]
V  [jvm.dll+0x7dba83]
V  [jvm.dll+0x7dc0f3]
V  [jvm.dll+0x2449af]
V  [jvm.dll+0xaba8c]
V  [jvm.dll+0xabe1c]
V  [jvm.dll+0x11d905]
V  [jvm.dll+0x6a34f7]
V  [jvm.dll+0x1ba097]
V  [jvm.dll+0x216337]
V  [jvm.dll+0x21560f]
V  [jvm.dll+0x1a2040]
V  [jvm.dll+0x225a2b]
V  [jvm.dll+0x223bcb]
V  [jvm.dll+0x7903ec]
V  [jvm.dll+0x78a85a]
V  [jvm.dll+0x678bb5]
C  [ucrtbase.dll+0x37b0]
C  [KERNEL32.DLL+0x2e8d7]
C  [ntdll.dll+0xb14fc]


---------------  P R O C E S S  ---------------

Threads class SMR info:
_java_thread_list=0x0000026d3f8f58f0, length=12, elements={
0x0000026d23b30f90, 0x0000026d23bec220, 0x0000026d23bed950, 0x0000026d3f6bffa0,
0x0000026d3f6c4890, 0x0000026d3f6cd170, 0x0000026d3f6ce050, 0x0000026d3f6ced40,
0x0000026d3f6d15d0, 0x0000026d3f6d59e0, 0x0000026d3f91f9d0, 0x0000026d3f922ca0
}

Java Threads: ( => current thread )
  0x0000026d23b30f90 JavaThread "main" [_thread_in_native, id=13064, stack(0x000000c69b100000,0x000000c69b200000)]
  0x0000026d23bec220 JavaThread "Reference Handler" daemon [_thread_blocked, id=28144, stack(0x000000c69b800000,0x000000c69b900000)]
  0x0000026d23bed950 JavaThread "Finalizer" daemon [_thread_blocked, id=17768, stack(0x000000c69b900000,0x000000c69ba00000)]
  0x0000026d3f6bffa0 JavaThread "Signal Dispatcher" daemon [_thread_blocked, id=17672, stack(0x000000c69ba00000,0x000000c69bb00000)]
  0x0000026d3f6c4890 JavaThread "Attach Listener" daemon [_thread_blocked, id=404, stack(0x000000c69bb00000,0x000000c69bc00000)]
  0x0000026d3f6cd170 JavaThread "Service Thread" daemon [_thread_blocked, id=17876, stack(0x000000c69bc00000,0x000000c69bd00000)]
  0x0000026d3f6ce050 JavaThread "Monitor Deflation Thread" daemon [_thread_blocked, id=10320, stack(0x000000c69bd00000,0x000000c69be00000)]
=>0x0000026d3f6ced40 JavaThread "C2 CompilerThread0" daemon [_thread_in_native, id=19100, stack(0x000000c69be00000,0x000000c69bf00000)]
  0x0000026d3f6d15d0 JavaThread "C1 CompilerThread0" daemon [_thread_blocked, id=6420, stack(0x000000c69bf00000,0x000000c69c000000)]
  0x0000026d3f6d59e0 JavaThread "Sweeper thread" daemon [_thread_blocked, id=5888, stack(0x000000c69c000000,0x000000c69c100000)]
  0x0000026d3f91f9d0 JavaThread "Notification Thread" daemon [_thread_blocked, id=12072, stack(0x000000c69c100000,0x000000c69c200000)]
  0x0000026d3f922ca0 JavaThread "Common-Cleaner" daemon [_thread_blocked, id=18844, stack(0x000000c69c300000,0x000000c69c400000)]

Other Threads:
  0x0000026d23be3ce0 VMThread "VM Thread" [stack: 0x000000c69b700000,0x000000c69b800000] [id=5488]
  0x0000026d23b61860 WatcherThread [stack: 0x000000c69c200000,0x000000c69c300000] [id=29132]
  0x0000026d23b50b80 GCTaskThread "GC Thread#0" [stack: 0x000000c69b200000,0x000000c69b300000] [id=7268]
  0x0000026d85519e10 GCTaskThread "GC Thread#1" [stack: 0x000000c69c400000,0x000000c69c500000] [id=24216]
  0x0000026d857feb30 GCTaskThread "GC Thread#2" [stack: 0x000000c69c500000,0x000000c69c600000] [id=11640]
  0x0000026d8565a290 GCTaskThread "GC Thread#3" [stack: 0x000000c69c600000,0x000000c69c700000] [id=25208]
  0x0000026d23b542f0 ConcurrentGCThread "G1 Main Marker" [stack: 0x000000c69b300000,0x000000c69b400000] [id=20384]
  0x0000026d23b559d0 ConcurrentGCThread "G1 Conc#0" [stack: 0x000000c69b400000,0x000000c69b500000] [id=9504]
  0x0000026d23bc1bd0 ConcurrentGCThread "G1 Refine#0" [stack: 0x000000c69b500000,0x000000c69b600000] [id=11148]
  0x0000026d23bc2600 ConcurrentGCThread "G1 Service" [stack: 0x000000c69b600000,0x000000c69b700000] [id=17704]

Threads with active compile tasks:
C2 CompilerThread0    14738  422       4       jdk.internal.ref.PhantomCleanable::<init> (49 bytes)

VM state: not at safepoint (normal execution)

VM Mutex/Monitor currently owned by a thread: None

Heap address: 0x00000000fc000000, size: 64 MB, Compressed Oops mode: 32-bit

CDS archive(s) mapped at: [0x0000026d40000000-0x0000026d40bd0000-0x0000026d40bd0000), size 12386304, SharedBaseAddress: 0x0000026d40000000, ArchiveRelocationMode: 1.
Compressed class space mapped at: 0x0000026d41000000-0x0000026d81000000, reserved size: 1073741824
Narrow klass base: 0x0000026d40000000, Narrow klass shift: 0, Narrow klass range: 0x100000000

GC Precious Log:
 CPUs: 12 total, 12 available
 Memory: 7521M
 Large Page Support: Disabled
 NUMA Support: Disabled
 Compressed Oops: Enabled (32-bit)
 Heap Region Size: 1M
 Heap Min Capacity: 64M
 Heap Initial Capacity: 64M
 Heap Max Capacity: 64M
 Pre-touch: Disabled
 Parallel Workers: 10
 Concurrent Workers: 3
 Concurrent Refinement Workers: 10
 Periodic GC: Disabled

Heap:
 garbage-first heap   total 65536K, used 6568K [0x00000000fc000000, 0x0000000100000000)
  region size 1024K, 3 young (3072K), 1 survivors (1024K)
 Metaspace       used 1238K, committed 1408K, reserved 1114112K
  class space    used 114K, committed 192K, reserved 1048576K

Heap Regions: E=young(eden), S=young(survivor), O=old, HS=humongous(starts), HC=humongous(continues), CS=collection set, F=free, OA=open archive, CA=closed archive, TAMS=top-at-mark-start (previous, next)
|   0|0x00000000fc000000, 0x00000000fc100000, 0x00000000fc100000|100%|HS|  |TAMS 0x00000000fc000000, 0x00000000fc000000| Complete 
|   1|0x00000000fc100000, 0x00000000fc200000, 0x00000000fc200000|100%|HC|  |TAMS 0x00000000fc100000, 0x00000000fc100000| Complete 
|   2|0x00000000fc200000, 0x00000000fc300000, 0x00000000fc300000|100%|HC|  |TAMS 0x00000000fc200000, 0x00000000fc200000| Complete 
|   3|0x00000000fc300000, 0x00000000fc400000, 0x00000000fc400000|100%|HC|  |TAMS 0x00000000fc300000, 0x00000000fc300000| Complete 
|   4|0x00000000fc400000, 0x00000000fc500000, 0x00000000fc500000|100%| O|  |TAMS 0x00000000fc400000, 0x00000000fc400000| Untracked 
|   5|0x00000000fc500000, 0x00000000fc547800, 0x00000000fc600000| 27%| O|  |TAMS 0x00000000fc500000, 0x00000000fc500000| Untracked 
|   6|0x00000000fc600000, 0x00000000fc600000, 0x00000000fc700000|  0%| F|  |TAMS 0x00000000fc600000, 0x00000000fc600000| Untracked 
|   7|0x00000000fc700000, 0x00000000fc700000, 0x00000000fc800000|  0%| F|  |TAMS 0x00000000fc700000, 0x00000000fc700000| Untracked 
|   8|0x00000000fc800000, 0x00000000fc800000, 0x00000000fc900000|  0%| F|  |TAMS 0x00000000fc800000, 0x00000000fc800000| Untracked 
|   9|0x00000000fc900000, 0x00000000fc900000, 0x00000000fca00000|  0%| F|  |TAMS 0x00000000fc900000, 0x00000000fc900000| Untracked 
|  10|0x00000000fca00000, 0x00000000fca00000, 0x00000000fcb00000|  0%| F|  |TAMS 0x00000000fca00000, 0x00000000fca00000| Untracked 
|  11|0x00000000fcb00000, 0x00000000fcb00000, 0x00000000fcc00000|  0%| F|  |TAMS 0x00000000fcb00000, 0x00000000fcb00000| Untracked 
|  12|0x00000000fcc00000, 0x00000000fcc00000, 0x00000000fcd00000|  0%| F|  |TAMS 0x00000000fcc00000, 0x00000000fcc00000| Untracked 
|  13|0x00000000fcd00000, 0x00000000fcd00000, 0x00000000fce00000|  0%| F|  |TAMS 0x00000000fcd00000, 0x00000000fcd00000| Untracked 
|  14|0x00000000fce00000, 0x00000000fce00000, 0x00000000fcf00000|  0%| F|  |TAMS 0x00000000fce00000, 0x00000000fce00000| Untracked 
|  15|0x00000000fcf00000, 0x00000000fcf00000, 0x00000000fd000000|  0%| F|  |TAMS 0x00000000fcf00000, 0x00000000fcf00000| Untracked 
|  16|0x00000000fd000000, 0x00000000fd000000, 0x00000000fd100000|  0%| F|  |TAMS 0x00000000fd000000, 0x00000000fd000000| Untracked 
|  17|0x00000000fd100000, 0x00000000fd100000, 0x00000000fd200000|  0%| F|  |TAMS 0x00000000fd100000, 0x00000000fd100000| Untracked 
|  18|0x00000000fd200000, 0x00000000fd200000, 0x00000000fd300000|  0%| F|  |TAMS 0x00000000fd200000, 0x00000000fd200000| Untracked 
|  19|0x00000000fd300000, 0x00000000fd300000, 0x00000000fd400000|  0%| F|  |TAMS 0x00000000fd300000, 0x00000000fd300000| Untracked 
|  20|0x00000000fd400000, 0x00000000fd400000, 0x00000000fd500000|  0%| F|  |TAMS 0x00000000fd400000, 0x00000000fd400000| Untracked 
|  21|0x00000000fd500000, 0x00000000fd500000, 0x00000000fd600000|  0%| F|  |TAMS 0x00000000fd500000, 0x00000000fd500000| Untracked 
|  22|0x00000000fd600000, 0x00000000fd600000, 0x00000000fd700000|  0%| F|  |TAMS 0x00000000fd600000, 0x00000000fd600000| Untracked 
|  23|0x00000000fd700000, 0x00000000fd700000, 0x00000000fd800000|  0%| F|  |TAMS 0x00000000fd700000, 0x00000000fd700000| Untracked 
|  24|0x00000000fd800000, 0x00000000fd800000, 0x00000000fd900000|  0%| F|  |TAMS 0x00000000fd800000, 0x00000000fd800000| Untracked 
|  25|0x00000000fd900000, 0x00000000fd900000, 0x00000000fda00000|  0%| F|  |TAMS 0x00000000fd900000, 0x00000000fd900000| Untracked 
|  26|0x00000000fda00000, 0x00000000fda00000, 0x00000000fdb00000|  0%| F|  |TAMS 0x00000000fda00000, 0x00000000fda00000| Untracked 
|  27|0x00000000fdb00000, 0x00000000fdb00000, 0x00000000fdc00000|  0%| F|  |TAMS 0x00000000fdb00000, 0x00000000fdb00000| Untracked 
|  28|0x00000000fdc00000, 0x00000000fdc00000, 0x00000000fdd00000|  0%| F|  |TAMS 0x00000000fdc00000, 0x00000000fdc00000| Untracked 
|  29|0x00000000fdd00000, 0x00000000fdd00000, 0x00000000fde00000|  0%| F|  |TAMS 0x00000000fdd00000, 0x00000000fdd00000| Untracked 
|  30|0x00000000fde00000, 0x00000000fde00000, 0x00000000fdf00000|  0%| F|  |TAMS 0x00000000fde00000, 0x00000000fde00000| Untracked 
|  31|0x00000000fdf00000, 0x00000000fdf00000, 0x00000000fe000000|  0%| F|  |TAMS 0x00000000fdf00000, 0x00000000fdf00000| Untracked 
|  32|0x00000000fe000000, 0x00000000fe000000, 0x00000000fe100000|  0%| F|  |TAMS 0x00000000fe000000, 0x00000000fe000000| Untracked 
|  33|0x00000000fe100000, 0x00000000fe100000, 0x00000000fe200000|  0%| F|  |TAMS 0x00000000fe100000, 0x00000000fe100000| Untracked 
|  34|0x00000000fe200000, 0x00000000fe200000, 0x00000000fe300000|  0%| F|  |TAMS 0x00000000fe200000, 0x00000000fe200000| Untracked 
|  35|0x00000000fe300000, 0x00000000fe300000, 0x00000000fe400000|  0%| F|  |TAMS 0x00000000fe300000, 0x00000000fe300000| Untracked 
|  36|0x00000000fe400000, 0x00000000fe400000, 0x00000000fe500000|  0%| F|  |TAMS 0x00000000fe400000, 0x00000000fe400000| Untracked 
|  37|0x00000000fe500000, 0x00000000fe500000, 0x00000000fe600000|  0%| F|  |TAMS 0x00000000fe500000, 0x00000000fe500000| Untracked 
|  38|0x00000000fe600000, 0x00000000fe600000, 0x00000000fe700000|  0%| F|  |TAMS 0x00000000fe600000, 0x00000000fe600000| Untracked 
|  39|0x00000000fe700000, 0x00000000fe700000, 0x00000000fe800000|  0%| F|  |TAMS 0x00000000fe700000, 0x00000000fe700000| Untracked 
|  40|0x00000000fe800000, 0x00000000fe800000, 0x00000000fe900000|  0%| F|  |TAMS 0x00000000fe800000, 0x00000000fe800000| Untracked 
|  41|0x00000000fe900000, 0x00000000fe900000, 0x00000000fea00000|  0%| F|  |TAMS 0x00000000fe900000, 0x00000000fe900000| Untracked 
|  42|0x00000000fea00000, 0x00000000fea00000, 0x00000000feb00000|  0%| F|  |TAMS 0x00000000fea00000, 0x00000000fea00000| Untracked 
|  43|0x00000000feb00000, 0x00000000feb00000, 0x00000000fec00000|  0%| F|  |TAMS 0x00000000feb00000, 0x00000000feb00000| Untracked 
|  44|0x00000000fec00000, 0x00000000fec00000, 0x00000000fed00000|  0%| F|  |TAMS 0x00000000fec00000, 0x00000000fec00000| Untracked 
|  45|0x00000000fed00000, 0x00000000fed00000, 0x00000000fee00000|  0%| F|  |TAMS 0x00000000fed00000, 0x00000000fed00000| Untracked 
|  46|0x00000000fee00000, 0x00000000fee00000, 0x00000000fef00000|  0%| F|  |TAMS 0x00000000fee00000, 0x00000000fee00000| Untracked 
|  47|0x00000000fef00000, 0x00000000fef00000, 0x00000000ff000000|  0%| F|  |TAMS 0x00000000fef00000, 0x00000000fef00000| Untracked 
|  48|0x00000000ff000000, 0x00000000ff000000, 0x00000000ff100000|  0%| F|  |TAMS 0x00000000ff000000, 0x00000000ff000000| Untracked 
|  49|0x00000000ff100000, 0x00000000ff100000, 0x00000000ff200000|  0%| F|  |TAMS 0x00000000ff100000, 0x00000000ff100000| Untracked 
|  50|0x00000000ff200000, 0x00000000ff200000, 0x00000000ff300000|  0%| F|  |TAMS 0x00000000ff200000, 0x00000000ff200000| Untracked 
|  51|0x00000000ff300000, 0x00000000ff300000, 0x00000000ff400000|  0%| F|  |TAMS 0x00000000ff300000, 0x00000000ff300000| Untracked 
|  52|0x00000000ff400000, 0x00000000ff400000, 0x00000000ff500000|  0%| F|  |TAMS 0x00000000ff400000, 0x00000000ff400000| Untracked 
|  53|0x00000000ff500000, 0x00000000ff500000, 0x00000000ff600000|  0%| F|  |TAMS 0x00000000ff500000, 0x00000000ff500000| Untracked 
|  54|0x00000000ff600000, 0x00000000ff600000, 0x00000000ff700000|  0%| F|  |TAMS 0x00000000ff600000, 0x00000000ff600000| Untracked 
|  55|0x00000000ff700000, 0x00000000ff700000, 0x00000000ff800000|  0%| F|  |TAMS 0x00000000ff700000, 0x00000000ff700000| Untracked 
|  56|0x00000000ff800000, 0x00000000ff800000, 0x00000000ff900000|  0%| F|  |TAMS 0x00000000ff800000, 0x00000000ff800000| Untracked 
|  57|0x00000000ff900000, 0x00000000ff900000, 0x00000000ffa00000|  0%| F|  |TAMS 0x00000000ff900000, 0x00000000ff900000| Untracked 
|  58|0x00000000ffa00000, 0x00000000ffa00000, 0x00000000ffb00000|  0%| F|  |TAMS 0x00000000ffa00000, 0x00000000ffa00000| Untracked 
|  59|0x00000000ffb00000, 0x00000000ffb00000, 0x00000000ffc00000|  0%| F|  |TAMS 0x00000000ffb00000, 0x00000000ffb00000| Untracked 
|  60|0x00000000ffc00000, 0x00000000ffc00000, 0x00000000ffd00000|  0%| F|  |TAMS 0x00000000ffc00000, 0x00000000ffc00000| Untracked 
|  61|0x00000000ffd00000, 0x00000000ffdca9a0, 0x00000000ffe00000| 79%| E|  |TAMS 0x00000000ffd00000, 0x00000000ffd00000| Complete 
|  62|0x00000000ffe00000, 0x00000000ffe22ae0, 0x00000000fff00000| 13%| S|CS|TAMS 0x00000000ffe00000, 0x00000000ffe00000| Complete 
|  63|0x00000000fff00000, 0x0000000100000000, 0x0000000100000000|100%| E|CS|TAMS 0x00000000fff00000, 0x00000000fff00000| Complete 

Card table byte_map: [0x0000026d3c880000,0x0000026d3c8a0000] _byte_map_base: 0x0000026d3c0a0000

Marking Bits (Prev, Next): (CMBitMap*) 0x0000026d23b521b0, (CMBitMap*) 0x0000026d23b521f0
 Prev Bits: [0x0000026d3c8c0000, 0x0000026d3c9c0000)
 Next Bits: [0x0000026d3c9c0000, 0x0000026d3cac0000)

Polling page: 0x0000026d23c10000

Metaspace:

Usage:
  Non-class:      1.10 MB used.
      Class:    114.64 KB used.
       Both:      1.21 MB used.

Virtual space:
  Non-class space:       64.00 MB reserved,       1.19 MB (  2%) committed,  1 nodes.
      Class space:        1.00 GB reserved,     192.00 KB ( <1%) committed,  1 nodes.
             Both:        1.06 GB reserved,       1.38 MB ( <1%) committed. 

Chunk freelists:
   Non-Class:  11.91 MB
       Class:  15.73 MB
        Both:  27.63 MB

MaxMetaspaceSize: unlimited
CompressedClassSpaceSize: 1.00 GB
Initial GC threshold: 21.00 MB
Current GC threshold: 21.00 MB
CDS: on
MetaspaceReclaimPolicy: balanced
 - commit_granule_bytes: 65536.
 - commit_granule_words: 8192.
 - virtual_space_node_default_size: 8388608.
 - enlarge_chunks_in_place: 1.
 - new_chunks_are_fully_committed: 0.
 - uncommit_free_chunks: 1.
 - use_allocation_guard: 0.
 - handle_deallocations: 1.


Internal statistics:

num_allocs_failed_limit: 0.
num_arena_births: 6.
num_arena_deaths: 0.
num_vsnodes_births: 2.
num_vsnodes_deaths: 0.
num_space_committed: 22.
num_space_uncommitted: 0.
num_chunks_returned_to_freelist: 0.
num_chunks_taken_from_freelist: 17.
num_chunk_merges: 0.
num_chunk_splits: 9.
num_chunks_enlarged: 6.
num_inconsistent_stats: 0.

CodeHeap 'non-profiled nmethods': size=120000Kb used=246Kb max_used=246Kb free=119754Kb
 bounds [0x0000026d346d0000, 0x0000026d34940000, 0x0000026d3bc00000]
CodeHeap 'profiled nmethods': size=120000Kb used=626Kb max_used=626Kb free=119374Kb
 bounds [0x0000026d2cc00000, 0x0000026d2ce70000, 0x0000026d34130000]
CodeHeap 'non-nmethods': size=5760Kb used=1119Kb max_used=1169Kb free=4640Kb
 bounds [0x0000026d34130000, 0x0000026d343a0000, 0x0000026d346d0000]
 total_blobs=820 nmethods=421 adapters=312
 compilation: enabled
              stopped_count=0, restarted_count=0
 full_count=0

Compilation events (20 events):
Event: 10.577 Thread 0x0000026d3f6d15d0 nmethod 412 0x0000026d2cc9a990 code [0x0000026d2cc9ab20, 0x0000026d2cc9ac78]
Event: 10.644 Thread 0x0000026d3f6d15d0  413       3       java.io.FileOutputStream::<init> (7 bytes)
Event: 10.644 Thread 0x0000026d3f6d15d0 nmethod 413 0x0000026d2cc9ad10 code [0x0000026d2cc9aea0, 0x0000026d2cc9afe8]
Event: 10.644 Thread 0x0000026d3f6d15d0  416       3       java.io.FilterOutputStream::<init> (21 bytes)
Event: 10.645 Thread 0x0000026d3f6d15d0 nmethod 416 0x0000026d2cc9b090 code [0x0000026d2cc9b240, 0x0000026d2cc9b578]
Event: 10.645 Thread 0x0000026d3f6d15d0  415       3       java.io.BufferedOutputStream::<init> (27 bytes)
Event: 10.645 Thread 0x0000026d3f6d15d0 nmethod 415 0x0000026d2cc9b690 code [0x0000026d2cc9b860, 0x0000026d2cc9be08]
Event: 10.645 Thread 0x0000026d3f6d15d0  414       3       java.io.BufferedOutputStream::<init> (9 bytes)
Event: 10.645 Thread 0x0000026d3f6d15d0 nmethod 414 0x0000026d2cc9bf90 code [0x0000026d2cc9c160, 0x0000026d2cc9c678]
Event: 10.697 Thread 0x0000026d3f6ced40  417       4       java.lang.AbstractStringBuilder::isLatin1 (19 bytes)
Event: 10.697 Thread 0x0000026d3f6ced40 nmethod 417 0x0000026d3470bb10 code [0x0000026d3470bc80, 0x0000026d3470bd18]
Event: 10.800 Thread 0x0000026d3f6ced40  418       4       java.util.Arrays::copyOfRange (64 bytes)
Event: 10.804 Thread 0x0000026d3f6ced40 nmethod 418 0x0000026d3470be10 code [0x0000026d3470bfa0, 0x0000026d3470c298]
Event: 10.830 Thread 0x0000026d3f6ced40  419       4       java.util.zip.ZipFile::ensureOpen (40 bytes)
Event: 10.831 Thread 0x0000026d3f6ced40 nmethod 419 0x0000026d3470c390 code [0x0000026d3470c500, 0x0000026d3470c5b8]
Event: 11.117 Thread 0x0000026d3f6ced40  420       4       java.util.Collections$SetFromMap::remove (19 bytes)
Event: 11.127 Thread 0x0000026d3f6ced40 nmethod 420 0x0000026d3470c690 code [0x0000026d3470c840, 0x0000026d3470cc58]
Event: 11.127 Thread 0x0000026d3f6ced40  421   !   4       jdk.internal.ref.PhantomCleanable::remove (60 bytes)
Event: 11.132 Thread 0x0000026d3f6ced40 nmethod 421 0x0000026d3470d010 code [0x0000026d3470d1a0, 0x0000026d3470d698]
Event: 12.598 Thread 0x0000026d3f6ced40  422       4       jdk.internal.ref.PhantomCleanable::<init> (49 bytes)

GC Heap History (6 events):
Event: 9.286 GC heap before
{Heap before GC invocations=0 (full 0):
 garbage-first heap   total 65536K, used 26624K [0x00000000fc000000, 0x0000000100000000)
  region size 1024K, 23 young (23552K), 0 survivors (0K)
 Metaspace       used 1238K, committed 1408K, reserved 1114112K
  class space    used 114K, committed 192K, reserved 1048576K
}
Event: 9.293 GC heap after
{Heap after GC invocations=1 (full 0):
 garbage-first heap   total 65536K, used 5755K [0x00000000fc000000, 0x0000000100000000)
  region size 1024K, 2 young (2048K), 2 survivors (2048K)
 Metaspace       used 1238K, committed 1408K, reserved 1114112K
  class space    used 114K, committed 192K, reserved 1048576K
}
Event: 11.501 GC heap before
{Heap before GC invocations=1 (full 0):
 garbage-first heap   total 65536K, used 36475K [0x00000000fc000000, 0x0000000100000000)
  region size 1024K, 32 young (32768K), 2 survivors (2048K)
 Metaspace       used 1238K, committed 1408K, reserved 1114112K
  class space    used 114K, committed 192K, reserved 1048576K
}
Event: 12.511 GC heap after
{Heap after GC invocations=2 (full 0):
 garbage-first heap   total 65536K, used 5716K [0x00000000fc000000, 0x0000000100000000)
  region size 1024K, 2 young (2048K), 2 survivors (2048K)
 Metaspace       used 1238K, committed 1408K, reserved 1114112K
  class space    used 114K, committed 192K, reserved 1048576K
}
Event: 12.584 GC heap before
{Heap before GC invocations=2 (full 0):
 garbage-first heap   total 65536K, used 6740K [0x00000000fc000000, 0x0000000100000000)
  region size 1024K, 3 young (3072K), 2 survivors (2048K)
 Metaspace       used 1238K, committed 1408K, reserved 1114112K
  class space    used 114K, committed 192K, reserved 1048576K
}
Event: 12.588 GC heap after
{Heap after GC invocations=3 (full 0):
 garbage-first heap   total 65536K, used 5544K [0x00000000fc000000, 0x0000000100000000)
  region size 1024K, 1 young (1024K), 1 survivors (1024K)
 Metaspace       used 1238K, committed 1408K, reserved 1114112K
  class space    used 114K, committed 192K, reserved 1048576K
}

Deoptimization events (20 events):
Event: 8.445 Thread 0x0000026d23b30f90 DEOPT PACKING pc=0x0000026d346f1ad0 sp=0x000000c69b1ff1b0
Event: 8.445 Thread 0x0000026d23b30f90 DEOPT UNPACKING pc=0x0000026d341823a3 sp=0x000000c69b1ff110 mode 2
Event: 8.446 Thread 0x0000026d23b30f90 Uncommon trap: trap_request=0xffffffbe fr.pc=0x0000026d346f1ad0 relative=0x0000000000000430
Event: 8.446 Thread 0x0000026d23b30f90 Uncommon trap: reason=profile_predicate action=maybe_recompile pc=0x0000026d346f1ad0 method=java.lang.StringLatin1.indexOf([BI[BII)I @ 18 c2
Event: 8.446 Thread 0x0000026d23b30f90 DEOPT PACKING pc=0x0000026d346f1ad0 sp=0x000000c69b1ff1b0
Event: 8.446 Thread 0x0000026d23b30f90 DEOPT UNPACKING pc=0x0000026d341823a3 sp=0x000000c69b1ff110 mode 2
Event: 8.447 Thread 0x0000026d23b30f90 Uncommon trap: trap_request=0xffffffbe fr.pc=0x0000026d346f1ad0 relative=0x0000000000000430
Event: 8.447 Thread 0x0000026d23b30f90 Uncommon trap: reason=profile_predicate action=maybe_recompile pc=0x0000026d346f1ad0 method=java.lang.StringLatin1.indexOf([BI[BII)I @ 18 c2
Event: 8.447 Thread 0x0000026d23b30f90 DEOPT PACKING pc=0x0000026d346f1ad0 sp=0x000000c69b1ff1b0
Event: 8.447 Thread 0x0000026d23b30f90 DEOPT UNPACKING pc=0x0000026d341823a3 sp=0x000000c69b1ff110 mode 2
Event: 9.162 Thread 0x0000026d23b30f90 DEOPT PACKING pc=0x0000026d2cc865a7 sp=0x000000c69b1ff050
Event: 9.162 Thread 0x0000026d23b30f90 DEOPT UNPACKING pc=0x0000026d34182b43 sp=0x000000c69b1fe4b0 mode 0
Event: 9.251 Thread 0x0000026d23b30f90 DEOPT PACKING pc=0x0000026d2cc58e56 sp=0x000000c69b1ff010
Event: 9.251 Thread 0x0000026d23b30f90 DEOPT UNPACKING pc=0x0000026d34182b43 sp=0x000000c69b1fe498 mode 0
Event: 9.424 Thread 0x0000026d23b30f90 Uncommon trap: trap_request=0xffffff6e fr.pc=0x0000026d346f2288 relative=0x00000000000002e8
Event: 9.424 Thread 0x0000026d23b30f90 Uncommon trap: reason=loop_limit_check action=maybe_recompile pc=0x0000026d346f2288 method=java.lang.StringLatin1.indexOf([BI[BII)I @ 37 c2
Event: 9.424 Thread 0x0000026d23b30f90 DEOPT PACKING pc=0x0000026d346f2288 sp=0x000000c69b1ff1b0
Event: 9.424 Thread 0x0000026d23b30f90 DEOPT UNPACKING pc=0x0000026d341823a3 sp=0x000000c69b1ff110 mode 2
Event: 10.510 Thread 0x0000026d23b30f90 DEOPT PACKING pc=0x0000026d2cc6d820 sp=0x000000c69b1ff350
Event: 10.510 Thread 0x0000026d23b30f90 DEOPT UNPACKING pc=0x0000026d34182b43 sp=0x000000c69b1fe900 mode 0

Classes unloaded (0 events):
No events

Classes redefined (0 events):
No events

Internal exceptions (0 events):
No events

VM Operations (20 events):
Event: 1.117 Executing VM operation: Cleanup
Event: 1.118 Executing VM operation: Cleanup done
Event: 5.140 Executing VM operation: Cleanup
Event: 5.141 Executing VM operation: Cleanup done
Event: 6.153 Executing VM operation: Cleanup
Event: 6.154 Executing VM operation: Cleanup done
Event: 8.160 Executing VM operation: Cleanup
Event: 8.161 Executing VM operation: Cleanup done
Event: 9.162 Executing VM operation: Cleanup
Event: 9.162 Executing VM operation: Cleanup done
Event: 9.285 Executing VM operation: G1CollectForAllocation
Event: 9.293 Executing VM operation: G1CollectForAllocation done
Event: 10.299 Executing VM operation: Cleanup
Event: 10.300 Executing VM operation: Cleanup done
Event: 11.308 Executing VM operation: Cleanup
Event: 11.308 Executing VM operation: Cleanup done
Event: 11.501 Executing VM operation: G1CollectForAllocation
Event: 12.511 Executing VM operation: G1CollectForAllocation done
Event: 12.584 Executing VM operation: G1CollectForAllocation
Event: 12.588 Executing VM operation: G1CollectForAllocation done

Events (20 events):
Event: 0.248 loading class sun/nio/ch/NativeDispatcher
Event: 0.248 loading class sun/nio/ch/NativeDispatcher done
Event: 0.248 loading class sun/nio/ch/FileDispatcher done
Event: 0.248 loading class sun/nio/ch/FileDispatcherImpl done
Event: 0.248 loading class sun/nio/ch/FileLockImpl
Event: 0.249 loading class sun/nio/ch/FileLockImpl done
Event: 0.249 loading class sun/nio/ch/NativeThread
Event: 0.249 loading class sun/nio/ch/NativeThread done
Event: 0.249 loading class sun/nio/ch/FileLockTable
Event: 0.249 loading class sun/nio/ch/FileLockTable done
Event: 0.249 loading class sun/nio/ch/FileKey
Event: 0.249 loading class sun/nio/ch/FileKey done
Event: 0.249 loading class sun/nio/ch/FileLockTable$FileLockReference
Event: 0.250 loading class sun/nio/ch/FileLockTable$FileLockReference done
Event: 4.777 Thread 0x0000026d3f9f7c70 Thread added: 0x0000026d3f9f7c70
Event: 4.789 loading class java/util/zip/ZipFile$ZipEntryIterator
Event: 4.789 loading class java/util/zip/ZipFile$ZipEntryIterator done
Event: 4.794 loading class java/io/FileOutputStream$1
Event: 4.795 loading class java/io/FileOutputStream$1 done
Event: 5.023 Thread 0x0000026d3f9f7c70 Thread exited: 0x0000026d3f9f7c70


Dynamic libraries:
0x00007ff76ccc0000 - 0x00007ff76ccd0000 	C:\Program Files\Java\jdk-17\bin\java.exe
0x00007ffaa4160000 - 0x00007ffaa43c0000 	C:\WINDOWS\SYSTEM32\ntdll.dll
0x00007ffaa3020000 - 0x00007ffaa30e7000 	C:\WINDOWS\System32\KERNEL32.DLL
0x00007ffaa1a40000 - 0x00007ffaa1e0b000 	C:\WINDOWS\System32\KERNELBASE.dll
0x00007ffaa1e10000 - 0x00007ffaa1f5b000 	C:\WINDOWS\System32\ucrtbase.dll
0x00007ffa8b430000 - 0x00007ffa8b44b000 	C:\Program Files\Java\jdk-17\bin\VCRUNTIME140.dll
0x00007ffa96130000 - 0x00007ffa96149000 	C:\Program Files\Java\jdk-17\bin\jli.dll
0x00007ffaa2160000 - 0x00007ffaa2213000 	C:\WINDOWS\System32\ADVAPI32.dll
0x00007ffaa4070000 - 0x00007ffaa4119000 	C:\WINDOWS\System32\msvcrt.dll
0x00007ffaa3de0000 - 0x00007ffaa3e86000 	C:\WINDOWS\System32\sechost.dll
0x00007ffaa3590000 - 0x00007ffaa36a6000 	C:\WINDOWS\System32\RPCRT4.dll
0x00007ffaa3ea0000 - 0x00007ffaa406c000 	C:\WINDOWS\System32\USER32.dll
0x00007ffa87e60000 - 0x00007ffa880f7000 	C:\WINDOWS\WinSxS\amd64_microsoft.windows.common-controls_6595b64144ccf1df_6.0.26100.3624_none_3e086962e3345f24\COMCTL32.dll
0x00007ffaa1890000 - 0x00007ffaa18b7000 	C:\WINDOWS\System32\win32u.dll
0x00007ffaa3510000 - 0x00007ffaa353a000 	C:\WINDOWS\System32\GDI32.dll
0x00007ffaa1750000 - 0x00007ffaa1881000 	C:\WINDOWS\System32\gdi32full.dll
0x00007ffaa13d0000 - 0x00007ffaa1473000 	C:\WINDOWS\System32\msvcp_win.dll
0x00007ffa99540000 - 0x00007ffa9954b000 	C:\WINDOWS\SYSTEM32\VERSION.dll
0x00007ffaa2d60000 - 0x00007ffaa2d8f000 	C:\WINDOWS\System32\IMM32.DLL
0x00007ffa9e2d0000 - 0x00007ffa9e2dc000 	C:\Program Files\Java\jdk-17\bin\vcruntime140_1.dll
0x00007ffa5c9e0000 - 0x00007ffa5ca6e000 	C:\Program Files\Java\jdk-17\bin\msvcp140.dll
0x00007ffa076b0000 - 0x00007ffa08290000 	C:\Program Files\Java\jdk-17\bin\server\jvm.dll
0x00007ffaa3500000 - 0x00007ffaa3508000 	C:\WINDOWS\System32\PSAPI.DLL
0x00007ffa95e10000 - 0x00007ffa95e1a000 	C:\WINDOWS\SYSTEM32\WSOCK32.dll
0x00007ffa99500000 - 0x00007ffa99536000 	C:\WINDOWS\SYSTEM32\WINMM.dll
0x00007ffaa3200000 - 0x00007ffaa3274000 	C:\WINDOWS\System32\WS2_32.dll
0x00007ffaa0130000 - 0x00007ffaa014a000 	C:\WINDOWS\SYSTEM32\kernel.appcore.dll
0x00007ffa8b420000 - 0x00007ffa8b42a000 	C:\Program Files\Java\jdk-17\bin\jimage.dll
0x00007ffa944b0000 - 0x00007ffa946f1000 	C:\WINDOWS\SYSTEM32\DBGHELP.DLL
0x00007ffaa2330000 - 0x00007ffaa26b3000 	C:\WINDOWS\System32\combase.dll
0x00007ffaa2f40000 - 0x00007ffaa3016000 	C:\WINDOWS\System32\OLEAUT32.dll
0x00007ffa885b0000 - 0x00007ffa885e9000 	C:\WINDOWS\SYSTEM32\dbgcore.DLL
0x00007ffaa16b0000 - 0x00007ffaa1749000 	C:\WINDOWS\System32\bcryptPrimitives.dll
0x00007ffa75270000 - 0x00007ffa75295000 	C:\Program Files\Java\jdk-17\bin\java.dll
0x00007ffa3d1b0000 - 0x00007ffa3d287000 	C:\Program Files\Java\jdk-17\bin\jsvml.dll
0x00007ffaa36b0000 - 0x00007ffaa3dd9000 	C:\WINDOWS\System32\SHELL32.dll
0x00007ffaa1480000 - 0x00007ffaa15e8000 	C:\WINDOWS\System32\wintypes.dll
0x00007ffa9efc0000 - 0x00007ffa9f812000 	C:\WINDOWS\SYSTEM32\windows.storage.dll
0x00007ffaa1f60000 - 0x00007ffaa204d000 	C:\WINDOWS\System32\SHCORE.dll
0x00007ffaa20e0000 - 0x00007ffaa2144000 	C:\WINDOWS\System32\shlwapi.dll
0x00007ffaa1250000 - 0x00007ffaa127f000 	C:\WINDOWS\SYSTEM32\profapi.dll
0x00007ffa8ade0000 - 0x00007ffa8adf9000 	C:\Program Files\Java\jdk-17\bin\net.dll
0x00007ffa99240000 - 0x00007ffa9935d000 	C:\WINDOWS\SYSTEM32\WINHTTP.dll
0x00007ffaa0670000 - 0x00007ffaa06da000 	C:\WINDOWS\system32\mswsock.dll
0x00007ffa7b790000 - 0x00007ffa7b7a6000 	C:\Program Files\Java\jdk-17\bin\nio.dll
0x00007ffa776c0000 - 0x00007ffa776d8000 	C:\Program Files\Java\jdk-17\bin\zip.dll
0x00007ffa8b410000 - 0x00007ffa8b420000 	C:\Program Files\Java\jdk-17\bin\verify.dll

dbghelp: loaded successfully - version: 4.0.5 - missing functions: none
symbol engine: initialized successfully - sym options: 0x614 - pdb path: .;C:\Program Files\Java\jdk-17\bin;C:\WINDOWS\SYSTEM32;C:\WINDOWS\WinSxS\amd64_microsoft.windows.common-controls_6595b64144ccf1df_6.0.26100.3624_none_3e086962e3345f24;C:\Program Files\Java\jdk-17\bin\server

VM Arguments:
jvm_args: -Xmx64m -Xms64m -Dorg.gradle.appname=gradlew 
java_command: org.gradle.wrapper.GradleWrapperMain app:installDebug -PreactNativeDevServerPort=8081
java_class_path (initial): C:\Users\xurde\Desktop\vanitya\Vanitya\android\\gradle\wrapper\gradle-wrapper.jar
Launcher Type: SUN_STANDARD

[Global flags]
     intx CICompilerCount                          = 4                                         {product} {ergonomic}
     uint ConcGCThreads                            = 3                                         {product} {ergonomic}
     uint G1ConcRefinementThreads                  = 10                                        {product} {ergonomic}
   size_t G1HeapRegionSize                         = 1048576                                   {product} {ergonomic}
    uintx GCDrainStackTargetSize                   = 64                                        {product} {ergonomic}
   size_t InitialHeapSize                          = 67108864                                  {product} {command line}
   size_t MarkStackSize                            = 4194304                                   {product} {ergonomic}
   size_t MaxHeapSize                              = 67108864                                  {product} {command line}
   size_t MaxNewSize                               = 39845888                                  {product} {ergonomic}
   size_t MinHeapDeltaBytes                        = 1048576                                   {product} {ergonomic}
   size_t MinHeapSize                              = 67108864                                  {product} {command line}
    uintx NonNMethodCodeHeapSize                   = 5839372                                {pd product} {ergonomic}
    uintx NonProfiledCodeHeapSize                  = 122909434                              {pd product} {ergonomic}
    uintx ProfiledCodeHeapSize                     = 122909434                              {pd product} {ergonomic}
    uintx ReservedCodeCacheSize                    = 251658240                              {pd product} {ergonomic}
     bool SegmentedCodeCache                       = true                                      {product} {ergonomic}
   size_t SoftMaxHeapSize                          = 67108864                               {manageable} {ergonomic}
     bool UseCompressedClassPointers               = true                           {product lp64_product} {ergonomic}
     bool UseCompressedOops                        = true                           {product lp64_product} {ergonomic}
     bool UseG1GC                                  = true                                      {product} {ergonomic}
     bool UseLargePagesIndividualAllocation        = false                                  {pd product} {ergonomic}

Logging:
Log output configuration:
 #0: stdout all=warning uptime,level,tags
 #1: stderr all=off uptime,level,tags

Environment Variables:
CLASSPATH=C:\Users\xurde\Desktop\vanitya\Vanitya\android\\gradle\wrapper\gradle-wrapper.jar
PATH=C:\Users\xurde\Desktop\vanitya\Vanitya\node_modules\.bin;C:\Users\xurde\Desktop\vanitya\Vanitya\node_modules\.bin;C:\Users\xurde\Desktop\vanitya\node_modules\.bin;C:\Users\xurde\Desktop\node_modules\.bin;C:\Users\xurde\node_modules\.bin;C:\Users\node_modules\.bin;C:\node_modules\.bin;C:\Users\xurde\AppData\Roaming\npm\node_modules\npm\node_modules\@npmcli\run-script\lib\node-gyp-bin;C:\Program Files\Common Files\Oracle\Java\javapath;C:\WINDOWS\system32;C:\WINDOWS;C:\WINDOWS\System32\Wbem;C:\WINDOWS\System32\WindowsPowerShell\v1.0\;C:\WINDOWS\System32\OpenSSH\;C:\Program Files (x86)\NVIDIA Corporation\PhysX\Common;C:\Program Files\nodejs\;C:\ProgramData\chocolatey\bin;C:\Program Files\Git\cmd;C:\Program Files\NVIDIA Corporation\NVIDIA app\NvDLISR;C:\Users\xurde\AppData\Local\Programs\Python\Python312\Scripts\;C:\Users\xurde\AppData\Local\Programs\Python\Python312\;C:\Users\xurde\AppData\Local\Programs\Python\Launcher\;C:\Users\xurde\AppData\Local\Microsoft\WindowsApps;C:\Users\xurde\AppData\Roaming\npm;C:\Users\xurde\AppData\Local\GitHubDesktop\bin;C:\Users\xurde\AppData\Local\Programs\Microsoft VS Code\bin
USERNAME=xurde
OS=Windows_NT
PROCESSOR_IDENTIFIER=AMD64 Family 25 Model 80 Stepping 0, AuthenticAMD



---------------  S Y S T E M  ---------------

OS:
 Windows 11 , 64 bit Build 26100 (10.0.26100.3624)
OS uptime: 4 days 2:25 hours
Hyper-V role detected

CPU: total 12 (initial active 12) (12 cores per cpu, 2 threads per core) family 25 model 80 stepping 0 microcode 0xa50000f, cx8, cmov, fxsr, ht, mmx, 3dnowpref, sse, sse2, sse3, ssse3, sse4a, sse4.1, sse4.2, popcnt, lzcnt, tsc, tscinvbit, avx, avx2, aes, erms, clmul, bmi1, bmi2, adx, sha, fma, vzeroupper, clflush, clflushopt, hv

Memory: 4k page, system-wide physical 7521M (677M free)
TotalPageFile size 31073M (AvailPageFile size 0M)
current process WorkingSet (physical memory assigned to process): 76M, peak: 81M
current process commit charge ("private bytes"): 149M, peak: 168M

vm_info: Java HotSpot(TM) 64-Bit Server VM (17.0.11+7-LTS-207) for windows-amd64 JRE (17.0.11+7-LTS-207), built on Mar 11 2024 19:01:50 by "mach5one" with MS VC++ 17.6 (VS2022)

END.
