#
# There is insufficient memory for the Java Runtime Environment to continue.
# Native memory allocation (malloc) failed to allocate 1048576 bytes for AllocateHeap
# Possible reasons:
#   The system is out of physical RAM or swap space
#   The process is running with CompressedOops enabled, and the Java Heap may be blocking the growth of the native heap
# Possible solutions:
#   Reduce memory load on the system
#   Increase physical memory or swap space
#   Check if swap backing store is full
#   Decrease Java heap size (-Xmx/-Xms)
#   Decrease number of Java threads
#   Decrease Java thread stack sizes (-Xss)
#   Set larger code cache with -XX:ReservedCodeCacheSize=
#   JVM is running with Unscaled Compressed Oops mode in which the Java heap is
#     placed in the first 4GB address space. The Java Heap base address is the
#     maximum limit for the native heap growth. Please use -XX:HeapBaseMinAddress
#     to set the Java Heap base and to place the Java Heap above 4GB virtual address.
# This output file may be truncated or incomplete.
#
#  Out of Memory Error (allocation.cpp:44), pid=28228, tid=23416
#
# JRE version:  (17.0.11+7) (build )
# Java VM: Java HotSpot(TM) 64-Bit Server VM (17.0.11+7-LTS-207, mixed mode, sharing, tiered, compressed oops, compressed class ptrs, g1 gc, windows-amd64)
# No core dump will be written. Minidumps are not enabled by default on client versions of Windows
#

---------------  S U M M A R Y ------------

Command Line: 

Host: AMD Ryzen 5 5600H with Radeon Graphics         , 12 cores, 7G,  Windows 11 , 64 bit Build 26100 (10.0.26100.3624)
Time: Thu Apr  3 19:54:59 2025 India Standard Time elapsed time: 1.072289 seconds (0d 0h 0m 1s)

---------------  T H R E A D  ---------------

Current thread (0x00000187eb855380):  JavaThread "Unknown thread" [_thread_in_vm, id=23416, stack(0x0000005b5ab00000,0x0000005b5ac00000)]

Stack: [0x0000005b5ab00000,0x0000005b5ac00000]
Native frames: (J=compiled Java code, j=interpreted, Vv=VM code, C=native code)
V  [jvm.dll+0x679cca]
V  [jvm.dll+0x7da13d]
V  [jvm.dll+0x7dba83]
V  [jvm.dll+0x7dc0f3]
V  [jvm.dll+0x2449af]
V  [jvm.dll+0xa5e73]
V  [jvm.dll+0x2d4767]
V  [jvm.dll+0x7ac67c]
V  [jvm.dll+0x366f61]
V  [jvm.dll+0x78b609]
V  [jvm.dll+0x3ec22f]
V  [jvm.dll+0x3ede61]
C  [jli.dll+0x5297]
C  [ucrtbase.dll+0x37b0]
C  [KERNEL32.DLL+0x2e8d7]
C  [ntdll.dll+0xb14fc]


---------------  P R O C E S S  ---------------

Threads class SMR info:
_java_thread_list=0x00007ffa173e7a18, length=0, elements={
}

Java Threads: ( => current thread )

Other Threads:

=>0x00000187eb855380 (exited) JavaThread "Unknown thread" [_thread_in_vm, id=23416, stack(0x0000005b5ab00000,0x0000005b5ac00000)]

Threads with active compile tasks:

VM state: not at safepoint (not fully initialized)

VM Mutex/Monitor currently owned by a thread: None

Heap address: 0x0000000000000000, size: 0 MB, Compressed Oops mode: 32-bit

CDS archive(s) mapped at: [0x0000000000000000-0x0000000000000000-0x0000000000000000), size 0, SharedBaseAddress: 0x0000000800000000, ArchiveRelocationMode: 1.
Narrow klass base: 0x0000000000000000, Narrow klass shift: 0, Narrow klass range: 0x0

GC Precious Log:
<Empty>

GC Heap History (0 events):
No events

Deoptimization events (0 events):
No events

Classes unloaded (0 events):
No events

Classes redefined (0 events):
No events

Internal exceptions (0 events):
No events

VM Operations (0 events):
No events

Events (1 events):
Event: 0.038 Loaded shared library C:\Program Files\Java\jdk-17\bin\java.dll


Dynamic libraries:
0x00007ff6b0260000 - 0x00007ff6b0270000 	C:\Program Files\Java\jdk-17\bin\java.exe
0x00007ffaa4160000 - 0x00007ffaa43c0000 	C:\WINDOWS\SYSTEM32\ntdll.dll
0x00007ffaa3020000 - 0x00007ffaa30e7000 	C:\WINDOWS\System32\KERNEL32.DLL
0x00007ffaa1a40000 - 0x00007ffaa1e0b000 	C:\WINDOWS\System32\KERNELBASE.dll
0x00007ffaa1e10000 - 0x00007ffaa1f5b000 	C:\WINDOWS\System32\ucrtbase.dll
0x00007ffa776c0000 - 0x00007ffa776d9000 	C:\Program Files\Java\jdk-17\bin\jli.dll
0x00007ffaa2160000 - 0x00007ffaa2213000 	C:\WINDOWS\System32\ADVAPI32.dll
0x00007ffa77040000 - 0x00007ffa7705b000 	C:\Program Files\Java\jdk-17\bin\VCRUNTIME140.dll
0x00007ffaa4070000 - 0x00007ffaa4119000 	C:\WINDOWS\System32\msvcrt.dll
0x00007ffaa3de0000 - 0x00007ffaa3e86000 	C:\WINDOWS\System32\sechost.dll
0x00007ffaa3590000 - 0x00007ffaa36a6000 	C:\WINDOWS\System32\RPCRT4.dll
0x00007ffaa3ea0000 - 0x00007ffaa406c000 	C:\WINDOWS\System32\USER32.dll
0x00007ffa87e60000 - 0x00007ffa880f7000 	C:\WINDOWS\WinSxS\amd64_microsoft.windows.common-controls_6595b64144ccf1df_6.0.26100.3624_none_3e086962e3345f24\COMCTL32.dll
0x00007ffaa1890000 - 0x00007ffaa18b7000 	C:\WINDOWS\System32\win32u.dll
0x00007ffaa3510000 - 0x00007ffaa353a000 	C:\WINDOWS\System32\GDI32.dll
0x00007ffaa1750000 - 0x00007ffaa1881000 	C:\WINDOWS\System32\gdi32full.dll
0x00007ffaa13d0000 - 0x00007ffaa1473000 	C:\WINDOWS\System32\msvcp_win.dll
0x00007ffa99540000 - 0x00007ffa9954b000 	C:\WINDOWS\SYSTEM32\VERSION.dll
0x00007ffaa2d60000 - 0x00007ffaa2d8f000 	C:\WINDOWS\System32\IMM32.DLL
0x00007ffa901b0000 - 0x00007ffa901bc000 	C:\Program Files\Java\jdk-17\bin\vcruntime140_1.dll
0x00007ffa60c00000 - 0x00007ffa60c8e000 	C:\Program Files\Java\jdk-17\bin\msvcp140.dll
0x00007ffa16930000 - 0x00007ffa17510000 	C:\Program Files\Java\jdk-17\bin\server\jvm.dll
0x00007ffaa3500000 - 0x00007ffaa3508000 	C:\WINDOWS\System32\PSAPI.DLL
0x00007ffa99500000 - 0x00007ffa99536000 	C:\WINDOWS\SYSTEM32\WINMM.dll
0x00007ffa90000000 - 0x00007ffa9000a000 	C:\WINDOWS\SYSTEM32\WSOCK32.dll
0x00007ffaa3200000 - 0x00007ffaa3274000 	C:\WINDOWS\System32\WS2_32.dll
0x00007ffaa0130000 - 0x00007ffaa014a000 	C:\WINDOWS\SYSTEM32\kernel.appcore.dll
0x00007ffa8e0b0000 - 0x00007ffa8e0ba000 	C:\Program Files\Java\jdk-17\bin\jimage.dll
0x00007ffa944b0000 - 0x00007ffa946f1000 	C:\WINDOWS\SYSTEM32\DBGHELP.DLL
0x00007ffaa2330000 - 0x00007ffaa26b3000 	C:\WINDOWS\System32\combase.dll
0x00007ffaa2f40000 - 0x00007ffaa3016000 	C:\WINDOWS\System32\OLEAUT32.dll
0x00007ffa885b0000 - 0x00007ffa885e9000 	C:\WINDOWS\SYSTEM32\dbgcore.DLL
0x00007ffaa16b0000 - 0x00007ffaa1749000 	C:\WINDOWS\System32\bcryptPrimitives.dll
0x00007ffa6cde0000 - 0x00007ffa6ce05000 	C:\Program Files\Java\jdk-17\bin\java.dll

dbghelp: loaded successfully - version: 4.0.5 - missing functions: none
symbol engine: initialized successfully - sym options: 0x614 - pdb path: .;C:\Program Files\Java\jdk-17\bin;C:\WINDOWS\SYSTEM32;C:\WINDOWS\WinSxS\amd64_microsoft.windows.common-controls_6595b64144ccf1df_6.0.26100.3624_none_3e086962e3345f24;C:\Program Files\Java\jdk-17\bin\server

VM Arguments:
java_command: <unknown>
java_class_path (initial): <not set>
Launcher Type: SUN_STANDARD

[Global flags]
     intx CICompilerCount                          = 4                                         {product} {ergonomic}
     uint ConcGCThreads                            = 3                                         {product} {ergonomic}
     uint G1ConcRefinementThreads                  = 10                                        {product} {ergonomic}
   size_t G1HeapRegionSize                         = 1048576                                   {product} {ergonomic}
    uintx GCDrainStackTargetSize                   = 64                                        {product} {ergonomic}
   size_t InitialHeapSize                          = 123731968                                 {product} {ergonomic}
   size_t MarkStackSize                            = 4194304                                   {product} {ergonomic}
   size_t MaxHeapSize                              = 1973420032                                {product} {ergonomic}
   size_t MinHeapDeltaBytes                        = 1048576                                   {product} {ergonomic}
   size_t MinHeapSize                              = 8388608                                   {product} {ergonomic}
    uintx NonNMethodCodeHeapSize                   = 5839372                                {pd product} {ergonomic}
    uintx NonProfiledCodeHeapSize                  = 122909434                              {pd product} {ergonomic}
    uintx ProfiledCodeHeapSize                     = 122909434                              {pd product} {ergonomic}
    uintx ReservedCodeCacheSize                    = 251658240                              {pd product} {ergonomic}
     bool SegmentedCodeCache                       = true                                      {product} {ergonomic}
   size_t SoftMaxHeapSize                          = 1973420032                             {manageable} {ergonomic}
     bool UseCompressedClassPointers               = true                           {product lp64_product} {ergonomic}
     bool UseCompressedOops                        = true                           {product lp64_product} {ergonomic}
     bool UseG1GC                                  = true                                      {product} {ergonomic}
     bool UseLargePagesIndividualAllocation        = false                                  {pd product} {ergonomic}

Logging:
Log output configuration:
 #0: stdout all=warning uptime,level,tags
 #1: stderr all=off uptime,level,tags

Environment Variables:
PATH=C:\Users\xurde\Desktop\vanitya\Vanitya\node_modules\.bin;C:\Users\xurde\Desktop\vanitya\Vanitya\node_modules\.bin;C:\Users\xurde\Desktop\vanitya\node_modules\.bin;C:\Users\xurde\Desktop\node_modules\.bin;C:\Users\xurde\node_modules\.bin;C:\Users\node_modules\.bin;C:\node_modules\.bin;C:\Users\xurde\AppData\Roaming\npm\node_modules\npm\node_modules\@npmcli\run-script\lib\node-gyp-bin;C:\Program Files\Common Files\Oracle\Java\javapath;C:\WINDOWS\system32;C:\WINDOWS;C:\WINDOWS\System32\Wbem;C:\WINDOWS\System32\WindowsPowerShell\v1.0\;C:\WINDOWS\System32\OpenSSH\;C:\Program Files (x86)\NVIDIA Corporation\PhysX\Common;C:\Program Files\nodejs\;C:\ProgramData\chocolatey\bin;C:\Program Files\Git\cmd;C:\Program Files\NVIDIA Corporation\NVIDIA app\NvDLISR;C:\Users\xurde\AppData\Local\Programs\Python\Python312\Scripts\;C:\Users\xurde\AppData\Local\Programs\Python\Python312\;C:\Users\xurde\AppData\Local\Programs\Python\Launcher\;C:\Users\xurde\AppData\Local\Microsoft\WindowsApps;C:\Users\xurde\AppData\Roaming\npm;C:\Users\xurde\AppData\Local\GitHubDesktop\bin;C:\Users\xurde\AppData\Local\Programs\Microsoft VS Code\bin;
USERNAME=xurde
LANG=en_US.UTF-8
OS=Windows_NT
PROCESSOR_IDENTIFIER=AMD64 Family 25 Model 80 Stepping 0, AuthenticAMD



---------------  S Y S T E M  ---------------

OS:
 Windows 11 , 64 bit Build 26100 (10.0.26100.3624)
OS uptime: 4 days 2:09 hours
Hyper-V role detected

CPU: total 12 (initial active 12) (12 cores per cpu, 2 threads per core) family 25 model 80 stepping 0 microcode 0xa50000f, cx8, cmov, fxsr, ht, mmx, 3dnowpref, sse, sse2, sse3, ssse3, sse4a, sse4.1, sse4.2, popcnt, lzcnt, tsc, tscinvbit, avx, avx2, aes, erms, clmul, bmi1, bmi2, adx, sha, fma, vzeroupper, clflush, clflushopt, hv

Memory: 4k page, system-wide physical 7521M (333M free)
TotalPageFile size 31073M (AvailPageFile size 20M)
current process WorkingSet (physical memory assigned to process): 11M, peak: 11M
current process commit charge ("private bytes"): 13M, peak: 14M

vm_info: Java HotSpot(TM) 64-Bit Server VM (17.0.11+7-LTS-207) for windows-amd64 JRE (17.0.11+7-LTS-207), built on Mar 11 2024 19:01:50 by "mach5one" with MS VC++ 17.6 (VS2022)

END.
