#
# There is insufficient memory for the Java Runtime Environment to continue.
# Native memory allocation (malloc) failed to allocate 131088 bytes for Chunk::new
# Possible reasons:
#   The system is out of physical RAM or swap space
#   The process is running with CompressedOops enabled, and the Java Heap may be blocking the growth of the native heap
# Possible solutions:
#   Reduce memory load on the system
#   Increase physical memory or swap space
#   Check if swap backing store is full
#   Decrease Java heap size (-Xmx/-Xms)
#   Decrease number of Java threads
#   Decrease Java thread stack sizes (-Xss)
#   Set larger code cache with -XX:ReservedCodeCacheSize=
#   JVM is running with Unscaled Compressed Oops mode in which the Java heap is
#     placed in the first 4GB address space. The Java Heap base address is the
#     maximum limit for the native heap growth. Please use -XX:HeapBaseMinAddress
#     to set the Java Heap base and to place the Java Heap above 4GB virtual address.
# This output file may be truncated or incomplete.
#
#  Out of Memory Error (arena.cpp:189), pid=27788, tid=29648
#
# JRE version: Java(TM) SE Runtime Environment (17.0.11+7) (build 17.0.11+7-LTS-207)
# Java VM: Java HotSpot(TM) 64-Bit Server VM (17.0.11+7-LTS-207, mixed mode, sharing, tiered, compressed oops, compressed class ptrs, g1 gc, windows-amd64)
# No core dump will be written. Minidumps are not enabled by default on client versions of Windows
#

---------------  S U M M A R Y ------------

Command Line: -Xmx64m -Xms64m -Dorg.gradle.appname=gradlew org.gradle.wrapper.GradleWrapperMain app:installDebug -PreactNativeDevServerPort=8081

Host: AMD Ryzen 5 5600H with Radeon Graphics         , 12 cores, 7G,  Windows 11 , 64 bit Build 26100 (10.0.26100.3624)
Time: Thu Apr  3 20:00:11 2025 India Standard Time elapsed time: 75.105868 seconds (0d 0h 1m 15s)

---------------  T H R E A D  ---------------

Current thread (0x00000248493e1080):  JavaThread "C2 CompilerThread0" daemon [_thread_in_native, id=29648, stack(0x000000b5a8500000,0x000000b5a8600000)]


Current CompileTask:
C2:  75106 1630 % !   4       org.gradle.wrapper.Install::unzip @ 104 (162 bytes)

Stack: [0x000000b5a8500000,0x000000b5a8600000]
Native frames: (J=compiled Java code, j=interpreted, Vv=VM code, C=native code)
V  [jvm.dll+0x679cca]
V  [jvm.dll+0x7da13d]
V  [jvm.dll+0x7dba83]
V  [jvm.dll+0x7dc0f3]
V  [jvm.dll+0x2449af]
V  [jvm.dll+0xab83b]
V  [jvm.dll+0xabe1c]
V  [jvm.dll+0xab954]
V  [jvm.dll+0x69f185]
V  [jvm.dll+0x33d6db]
V  [jvm.dll+0x345f92]
V  [jvm.dll+0x6875be]
V  [jvm.dll+0x1a528c]
V  [jvm.dll+0x2a909c]
V  [jvm.dll+0x692056]
V  [jvm.dll+0x68a085]
V  [jvm.dll+0x6896d0]
V  [jvm.dll+0x6875e2]
V  [jvm.dll+0x1a528c]
V  [jvm.dll+0x2a909c]
V  [jvm.dll+0x692056]
V  [jvm.dll+0x68a085]
V  [jvm.dll+0x6896d0]
V  [jvm.dll+0x6875e2]
V  [jvm.dll+0x1a528c]
V  [jvm.dll+0x1a5e18]
V  [jvm.dll+0x1a5e18]
V  [jvm.dll+0x2a909c]
V  [jvm.dll+0x692056]
V  [jvm.dll+0x68a085]
V  [jvm.dll+0x6896d0]
V  [jvm.dll+0x6875e2]
V  [jvm.dll+0x1a528c]
V  [jvm.dll+0x2151b8]
V  [jvm.dll+0x1a2040]
V  [jvm.dll+0x225a2b]
V  [jvm.dll+0x223bcb]
V  [jvm.dll+0x7903ec]
V  [jvm.dll+0x78a85a]
V  [jvm.dll+0x678bb5]
C  [ucrtbase.dll+0x37b0]
C  [KERNEL32.DLL+0x2e8d7]
C  [ntdll.dll+0xb14fc]


---------------  P R O C E S S  ---------------

Threads class SMR info:
_java_thread_list=0x000002488f2ce8d0, length=12, elements={
0x000002482d832100, 0x00000248493ad090, 0x00000248493ae7c0, 0x00000248493c6b00,
0x00000248493c76c0, 0x00000248493cc620, 0x00000248493de440, 0x00000248493e1080,
0x00000248493e79a0, 0x0000024849408940, 0x000002484940a290, 0x0000024849408430
}

Java Threads: ( => current thread )
  0x000002482d832100 JavaThread "main" [_thread_in_native, id=8228, stack(0x000000b5a7800000,0x000000b5a7900000)]
  0x00000248493ad090 JavaThread "Reference Handler" daemon [_thread_blocked, id=11728, stack(0x000000b5a7f00000,0x000000b5a8000000)]
  0x00000248493ae7c0 JavaThread "Finalizer" daemon [_thread_blocked, id=7960, stack(0x000000b5a8000000,0x000000b5a8100000)]
  0x00000248493c6b00 JavaThread "Signal Dispatcher" daemon [_thread_blocked, id=572, stack(0x000000b5a8100000,0x000000b5a8200000)]
  0x00000248493c76c0 JavaThread "Attach Listener" daemon [_thread_blocked, id=2472, stack(0x000000b5a8200000,0x000000b5a8300000)]
  0x00000248493cc620 JavaThread "Service Thread" daemon [_thread_blocked, id=10544, stack(0x000000b5a8300000,0x000000b5a8400000)]
  0x00000248493de440 JavaThread "Monitor Deflation Thread" daemon [_thread_blocked, id=3860, stack(0x000000b5a8400000,0x000000b5a8500000)]
=>0x00000248493e1080 JavaThread "C2 CompilerThread0" daemon [_thread_in_native, id=29648, stack(0x000000b5a8500000,0x000000b5a8600000)]
  0x00000248493e79a0 JavaThread "C1 CompilerThread0" daemon [_thread_blocked, id=9584, stack(0x000000b5a8600000,0x000000b5a8700000)]
  0x0000024849408940 JavaThread "Sweeper thread" daemon [_thread_blocked, id=19596, stack(0x000000b5a8700000,0x000000b5a8800000)]
  0x000002484940a290 JavaThread "Notification Thread" daemon [_thread_blocked, id=7940, stack(0x000000b5a8800000,0x000000b5a8900000)]
  0x0000024849408430 JavaThread "Common-Cleaner" daemon [_thread_blocked, id=26188, stack(0x000000b5a8a00000,0x000000b5a8b00000)]

Other Threads:
  0x00000248493a8a80 VMThread "VM Thread" [stack: 0x000000b5a7e00000,0x000000b5a7f00000] [id=16800]
  0x000002482d863a80 WatcherThread [stack: 0x000000b5a8900000,0x000000b5a8a00000] [id=28836]
  0x000002482d8534c0 GCTaskThread "GC Thread#0" [stack: 0x000000b5a7900000,0x000000b5a7a00000] [id=11640]
  0x0000024849988390 GCTaskThread "GC Thread#1" [stack: 0x000000b5a8c00000,0x000000b5a8d00000] [id=6964]
  0x00000248498106d0 GCTaskThread "GC Thread#2" [stack: 0x000000b5a8d00000,0x000000b5a8e00000] [id=28052]
  0x0000024849810990 GCTaskThread "GC Thread#3" [stack: 0x000000b5a8e00000,0x000000b5a8f00000] [id=2096]
  0x000002484996f8d0 GCTaskThread "GC Thread#4" [stack: 0x000000b5a8f00000,0x000000b5a9000000] [id=2644]
  0x000002484996fb90 GCTaskThread "GC Thread#5" [stack: 0x000000b5a9000000,0x000000b5a9100000] [id=16268]
  0x000002484996fe50 GCTaskThread "GC Thread#6" [stack: 0x000000b5a9100000,0x000000b5a9200000] [id=12284]
  0x0000024849971120 GCTaskThread "GC Thread#7" [stack: 0x000000b5a9200000,0x000000b5a9300000] [id=4588]
  0x000002482d854c10 ConcurrentGCThread "G1 Main Marker" [stack: 0x000000b5a7a00000,0x000000b5a7b00000] [id=24092]
  0x000002482d8562f0 ConcurrentGCThread "G1 Conc#0" [stack: 0x000000b5a7b00000,0x000000b5a7c00000] [id=23956]
  0x000002482d8fc8a0 ConcurrentGCThread "G1 Refine#0" [stack: 0x000000b5a7c00000,0x000000b5a7d00000] [id=20008]
  0x000002482d8fe180 ConcurrentGCThread "G1 Service" [stack: 0x000000b5a7d00000,0x000000b5a7e00000] [id=23104]

Threads with active compile tasks:
C2 CompilerThread0    75188 1630 % !   4       org.gradle.wrapper.Install::unzip @ 104 (162 bytes)

VM state: not at safepoint (normal execution)

VM Mutex/Monitor currently owned by a thread: None

Heap address: 0x00000000fc000000, size: 64 MB, Compressed Oops mode: 32-bit

CDS archive(s) mapped at: [0x000002484a000000-0x000002484abd0000-0x000002484abd0000), size 12386304, SharedBaseAddress: 0x000002484a000000, ArchiveRelocationMode: 1.
Compressed class space mapped at: 0x000002484b000000-0x000002488b000000, reserved size: 1073741824
Narrow klass base: 0x000002484a000000, Narrow klass shift: 0, Narrow klass range: 0x100000000

GC Precious Log:
 CPUs: 12 total, 12 available
 Memory: 7521M
 Large Page Support: Disabled
 NUMA Support: Disabled
 Compressed Oops: Enabled (32-bit)
 Heap Region Size: 1M
 Heap Min Capacity: 64M
 Heap Initial Capacity: 64M
 Heap Max Capacity: 64M
 Pre-touch: Disabled
 Parallel Workers: 10
 Concurrent Workers: 3
 Concurrent Refinement Workers: 10
 Periodic GC: Disabled

Heap:
 garbage-first heap   total 65536K, used 31312K [0x00000000fc000000, 0x0000000100000000)
  region size 1024K, 27 young (27648K), 3 survivors (3072K)
 Metaspace       used 8721K, committed 8896K, reserved 1114112K
  class space    used 923K, committed 960K, reserved 1048576K

Heap Regions: E=young(eden), S=young(survivor), O=old, HS=humongous(starts), HC=humongous(continues), CS=collection set, F=free, OA=open archive, CA=closed archive, TAMS=top-at-mark-start (previous, next)
|   0|0x00000000fc000000, 0x00000000fc094200, 0x00000000fc100000| 57%| O|  |TAMS 0x00000000fc000000, 0x00000000fc000000| Untracked 
|   1|0x00000000fc100000, 0x00000000fc200000, 0x00000000fc200000|100%|HS|  |TAMS 0x00000000fc100000, 0x00000000fc100000| Complete 
|   2|0x00000000fc200000, 0x00000000fc300000, 0x00000000fc300000|100%|HC|  |TAMS 0x00000000fc200000, 0x00000000fc200000| Complete 
|   3|0x00000000fc300000, 0x00000000fc400000, 0x00000000fc400000|100%|HC|  |TAMS 0x00000000fc300000, 0x00000000fc300000| Complete 
|   4|0x00000000fc400000, 0x00000000fc500000, 0x00000000fc500000|100%|HC|  |TAMS 0x00000000fc400000, 0x00000000fc400000| Complete 
|   5|0x00000000fc500000, 0x00000000fc500000, 0x00000000fc600000|  0%| F|  |TAMS 0x00000000fc500000, 0x00000000fc500000| Untracked 
|   6|0x00000000fc600000, 0x00000000fc600000, 0x00000000fc700000|  0%| F|  |TAMS 0x00000000fc600000, 0x00000000fc600000| Untracked 
|   7|0x00000000fc700000, 0x00000000fc700000, 0x00000000fc800000|  0%| F|  |TAMS 0x00000000fc700000, 0x00000000fc700000| Untracked 
|   8|0x00000000fc800000, 0x00000000fc800000, 0x00000000fc900000|  0%| F|  |TAMS 0x00000000fc800000, 0x00000000fc800000| Untracked 
|   9|0x00000000fc900000, 0x00000000fc900000, 0x00000000fca00000|  0%| F|  |TAMS 0x00000000fc900000, 0x00000000fc900000| Untracked 
|  10|0x00000000fca00000, 0x00000000fca00000, 0x00000000fcb00000|  0%| F|  |TAMS 0x00000000fca00000, 0x00000000fca00000| Untracked 
|  11|0x00000000fcb00000, 0x00000000fcb00000, 0x00000000fcc00000|  0%| F|  |TAMS 0x00000000fcb00000, 0x00000000fcb00000| Untracked 
|  12|0x00000000fcc00000, 0x00000000fcc00000, 0x00000000fcd00000|  0%| F|  |TAMS 0x00000000fcc00000, 0x00000000fcc00000| Untracked 
|  13|0x00000000fcd00000, 0x00000000fcd00000, 0x00000000fce00000|  0%| F|  |TAMS 0x00000000fcd00000, 0x00000000fcd00000| Untracked 
|  14|0x00000000fce00000, 0x00000000fce00000, 0x00000000fcf00000|  0%| F|  |TAMS 0x00000000fce00000, 0x00000000fce00000| Untracked 
|  15|0x00000000fcf00000, 0x00000000fcf00000, 0x00000000fd000000|  0%| F|  |TAMS 0x00000000fcf00000, 0x00000000fcf00000| Untracked 
|  16|0x00000000fd000000, 0x00000000fd000000, 0x00000000fd100000|  0%| F|  |TAMS 0x00000000fd000000, 0x00000000fd000000| Untracked 
|  17|0x00000000fd100000, 0x00000000fd100000, 0x00000000fd200000|  0%| F|  |TAMS 0x00000000fd100000, 0x00000000fd100000| Untracked 
|  18|0x00000000fd200000, 0x00000000fd200000, 0x00000000fd300000|  0%| F|  |TAMS 0x00000000fd200000, 0x00000000fd200000| Untracked 
|  19|0x00000000fd300000, 0x00000000fd300000, 0x00000000fd400000|  0%| F|  |TAMS 0x00000000fd300000, 0x00000000fd300000| Untracked 
|  20|0x00000000fd400000, 0x00000000fd400000, 0x00000000fd500000|  0%| F|  |TAMS 0x00000000fd400000, 0x00000000fd400000| Untracked 
|  21|0x00000000fd500000, 0x00000000fd500000, 0x00000000fd600000|  0%| F|  |TAMS 0x00000000fd500000, 0x00000000fd500000| Untracked 
|  22|0x00000000fd600000, 0x00000000fd600000, 0x00000000fd700000|  0%| F|  |TAMS 0x00000000fd600000, 0x00000000fd600000| Untracked 
|  23|0x00000000fd700000, 0x00000000fd700000, 0x00000000fd800000|  0%| F|  |TAMS 0x00000000fd700000, 0x00000000fd700000| Untracked 
|  24|0x00000000fd800000, 0x00000000fd800000, 0x00000000fd900000|  0%| F|  |TAMS 0x00000000fd800000, 0x00000000fd800000| Untracked 
|  25|0x00000000fd900000, 0x00000000fd900000, 0x00000000fda00000|  0%| F|  |TAMS 0x00000000fd900000, 0x00000000fd900000| Untracked 
|  26|0x00000000fda00000, 0x00000000fda00000, 0x00000000fdb00000|  0%| F|  |TAMS 0x00000000fda00000, 0x00000000fda00000| Untracked 
|  27|0x00000000fdb00000, 0x00000000fdb00000, 0x00000000fdc00000|  0%| F|  |TAMS 0x00000000fdb00000, 0x00000000fdb00000| Untracked 
|  28|0x00000000fdc00000, 0x00000000fdc00000, 0x00000000fdd00000|  0%| F|  |TAMS 0x00000000fdc00000, 0x00000000fdc00000| Untracked 
|  29|0x00000000fdd00000, 0x00000000fdd00000, 0x00000000fde00000|  0%| F|  |TAMS 0x00000000fdd00000, 0x00000000fdd00000| Untracked 
|  30|0x00000000fde00000, 0x00000000fde00000, 0x00000000fdf00000|  0%| F|  |TAMS 0x00000000fde00000, 0x00000000fde00000| Untracked 
|  31|0x00000000fdf00000, 0x00000000fdf00000, 0x00000000fe000000|  0%| F|  |TAMS 0x00000000fdf00000, 0x00000000fdf00000| Untracked 
|  32|0x00000000fe000000, 0x00000000fe000000, 0x00000000fe100000|  0%| F|  |TAMS 0x00000000fe000000, 0x00000000fe000000| Untracked 
|  33|0x00000000fe100000, 0x00000000fe100000, 0x00000000fe200000|  0%| F|  |TAMS 0x00000000fe100000, 0x00000000fe100000| Untracked 
|  34|0x00000000fe200000, 0x00000000fe200000, 0x00000000fe300000|  0%| F|  |TAMS 0x00000000fe200000, 0x00000000fe200000| Untracked 
|  35|0x00000000fe300000, 0x00000000fe300000, 0x00000000fe400000|  0%| F|  |TAMS 0x00000000fe300000, 0x00000000fe300000| Untracked 
|  36|0x00000000fe400000, 0x00000000fe400000, 0x00000000fe500000|  0%| F|  |TAMS 0x00000000fe400000, 0x00000000fe400000| Untracked 
|  37|0x00000000fe500000, 0x00000000fe581598, 0x00000000fe600000| 50%| E|  |TAMS 0x00000000fe500000, 0x00000000fe500000| Complete 
|  38|0x00000000fe600000, 0x00000000fe700000, 0x00000000fe700000|100%| S|CS|TAMS 0x00000000fe600000, 0x00000000fe600000| Complete 
|  39|0x00000000fe700000, 0x00000000fe800000, 0x00000000fe800000|100%| S|CS|TAMS 0x00000000fe700000, 0x00000000fe700000| Complete 
|  40|0x00000000fe800000, 0x00000000fe900000, 0x00000000fe900000|100%| S|CS|TAMS 0x00000000fe800000, 0x00000000fe800000| Complete 
|  41|0x00000000fe900000, 0x00000000fea00000, 0x00000000fea00000|100%| E|CS|TAMS 0x00000000fe900000, 0x00000000fe900000| Complete 
|  42|0x00000000fea00000, 0x00000000feb00000, 0x00000000feb00000|100%| E|CS|TAMS 0x00000000fea00000, 0x00000000fea00000| Complete 
|  43|0x00000000feb00000, 0x00000000fec00000, 0x00000000fec00000|100%| E|CS|TAMS 0x00000000feb00000, 0x00000000feb00000| Complete 
|  44|0x00000000fec00000, 0x00000000fed00000, 0x00000000fed00000|100%| E|CS|TAMS 0x00000000fec00000, 0x00000000fec00000| Complete 
|  45|0x00000000fed00000, 0x00000000fee00000, 0x00000000fee00000|100%| E|CS|TAMS 0x00000000fed00000, 0x00000000fed00000| Complete 
|  46|0x00000000fee00000, 0x00000000fef00000, 0x00000000fef00000|100%| E|CS|TAMS 0x00000000fee00000, 0x00000000fee00000| Complete 
|  47|0x00000000fef00000, 0x00000000ff000000, 0x00000000ff000000|100%| E|CS|TAMS 0x00000000fef00000, 0x00000000fef00000| Complete 
|  48|0x00000000ff000000, 0x00000000ff100000, 0x00000000ff100000|100%| E|CS|TAMS 0x00000000ff000000, 0x00000000ff000000| Complete 
|  49|0x00000000ff100000, 0x00000000ff200000, 0x00000000ff200000|100%| E|CS|TAMS 0x00000000ff100000, 0x00000000ff100000| Complete 
|  50|0x00000000ff200000, 0x00000000ff300000, 0x00000000ff300000|100%| E|CS|TAMS 0x00000000ff200000, 0x00000000ff200000| Complete 
|  51|0x00000000ff300000, 0x00000000ff400000, 0x00000000ff400000|100%| E|CS|TAMS 0x00000000ff300000, 0x00000000ff300000| Complete 
|  52|0x00000000ff400000, 0x00000000ff500000, 0x00000000ff500000|100%| E|CS|TAMS 0x00000000ff400000, 0x00000000ff400000| Complete 
|  53|0x00000000ff500000, 0x00000000ff600000, 0x00000000ff600000|100%| E|CS|TAMS 0x00000000ff500000, 0x00000000ff500000| Complete 
|  54|0x00000000ff600000, 0x00000000ff700000, 0x00000000ff700000|100%| E|CS|TAMS 0x00000000ff600000, 0x00000000ff600000| Complete 
|  55|0x00000000ff700000, 0x00000000ff800000, 0x00000000ff800000|100%| E|CS|TAMS 0x00000000ff700000, 0x00000000ff700000| Complete 
|  56|0x00000000ff800000, 0x00000000ff900000, 0x00000000ff900000|100%| E|CS|TAMS 0x00000000ff800000, 0x00000000ff800000| Complete 
|  57|0x00000000ff900000, 0x00000000ffa00000, 0x00000000ffa00000|100%| E|CS|TAMS 0x00000000ff900000, 0x00000000ff900000| Complete 
|  58|0x00000000ffa00000, 0x00000000ffb00000, 0x00000000ffb00000|100%| E|CS|TAMS 0x00000000ffa00000, 0x00000000ffa00000| Complete 
|  59|0x00000000ffb00000, 0x00000000ffc00000, 0x00000000ffc00000|100%| E|CS|TAMS 0x00000000ffb00000, 0x00000000ffb00000| Complete 
|  60|0x00000000ffc00000, 0x00000000ffd00000, 0x00000000ffd00000|100%| E|CS|TAMS 0x00000000ffc00000, 0x00000000ffc00000| Complete 
|  61|0x00000000ffd00000, 0x00000000ffe00000, 0x00000000ffe00000|100%| E|CS|TAMS 0x00000000ffd00000, 0x00000000ffd00000| Complete 
|  62|0x00000000ffe00000, 0x00000000fff00000, 0x00000000fff00000|100%| E|CS|TAMS 0x00000000ffe00000, 0x00000000ffe00000| Complete 
|  63|0x00000000fff00000, 0x0000000100000000, 0x0000000100000000|100%| E|CS|TAMS 0x00000000fff00000, 0x00000000fff00000| Complete 

Card table byte_map: [0x000002482f1f0000,0x000002482f210000] _byte_map_base: 0x000002482ea10000

Marking Bits (Prev, Next): (CMBitMap*) 0x000002482d853ae0, (CMBitMap*) 0x000002482d853b20
 Prev Bits: [0x00000248465c0000, 0x00000248466c0000)
 Next Bits: [0x00000248466c0000, 0x00000248467c0000)

Polling page: 0x000002482d900000

Metaspace:

Usage:
  Non-class:      7.61 MB used.
      Class:    923.29 KB used.
       Both:      8.52 MB used.

Virtual space:
  Non-class space:       64.00 MB reserved,       7.75 MB ( 12%) committed,  1 nodes.
      Class space:        1.00 GB reserved,     960.00 KB ( <1%) committed,  1 nodes.
             Both:        1.06 GB reserved,       8.69 MB ( <1%) committed. 

Chunk freelists:
   Non-Class:  8.17 MB
       Class:  15.06 MB
        Both:  23.24 MB

MaxMetaspaceSize: unlimited
CompressedClassSpaceSize: 1.00 GB
Initial GC threshold: 21.00 MB
Current GC threshold: 21.00 MB
CDS: on
MetaspaceReclaimPolicy: balanced
 - commit_granule_bytes: 65536.
 - commit_granule_words: 8192.
 - virtual_space_node_default_size: 8388608.
 - enlarge_chunks_in_place: 1.
 - new_chunks_are_fully_committed: 0.
 - uncommit_free_chunks: 1.
 - use_allocation_guard: 0.
 - handle_deallocations: 1.


Internal statistics:

num_allocs_failed_limit: 0.
num_arena_births: 52.
num_arena_deaths: 0.
num_vsnodes_births: 2.
num_vsnodes_deaths: 0.
num_space_committed: 139.
num_space_uncommitted: 0.
num_chunks_returned_to_freelist: 0.
num_chunks_taken_from_freelist: 118.
num_chunk_merges: 0.
num_chunk_splits: 58.
num_chunks_enlarged: 24.
num_inconsistent_stats: 0.

CodeHeap 'non-profiled nmethods': size=120000Kb used=721Kb max_used=721Kb free=119278Kb
 bounds [0x000002483e500000, 0x000002483e770000, 0x0000024845a30000]
CodeHeap 'profiled nmethods': size=120000Kb used=3035Kb max_used=3035Kb free=116964Kb
 bounds [0x0000024836a30000, 0x0000024836d30000, 0x000002483df60000]
CodeHeap 'non-nmethods': size=5760Kb used=1192Kb max_used=1233Kb free=4567Kb
 bounds [0x000002483df60000, 0x000002483e1d0000, 0x000002483e500000]
 total_blobs=2114 nmethods=1629 adapters=398
 compilation: enabled
              stopped_count=0, restarted_count=0
 full_count=0

Compilation events (20 events):
Event: 70.810 Thread 0x00000248493e79a0 nmethod 1619 0x0000024836d22890 code [0x0000024836d22a20, 0x0000024836d22be8]
Event: 70.810 Thread 0x00000248493e79a0 1620       3       java.util.zip.ZipFile$ZipFileInflaterInputStream::<init> (41 bytes)
Event: 70.810 Thread 0x00000248493e79a0 nmethod 1620 0x0000024836d22c90 code [0x0000024836d22e60, 0x0000024836d23318]
Event: 70.810 Thread 0x00000248493e79a0 1621       3       java.util.zip.ZipFile$InflaterCleanupAction::<init> (15 bytes)
Event: 70.810 Thread 0x00000248493e79a0 nmethod 1621 0x0000024836d23510 code [0x0000024836d236c0, 0x0000024836d238d8]
Event: 70.810 Thread 0x00000248493e79a0 1622       3       java.util.zip.ZipFile$InflaterCleanupAction::run (12 bytes)
Event: 70.811 Thread 0x00000248493e79a0 nmethod 1622 0x0000024836d23990 code [0x0000024836d23b40, 0x0000024836d23ca8]
Event: 70.811 Thread 0x00000248493e79a0 1623   !   3       java.util.zip.ZipFile$CleanableResource::releaseInflater (53 bytes)
Event: 70.811 Thread 0x00000248493e79a0 nmethod 1623 0x0000024836d23d90 code [0x0000024836d23f60, 0x0000024836d24388]
Event: 70.836 Thread 0x00000248493e79a0 1624       3       jdk.internal.ref.PhantomCleanable::clear (12 bytes)
Event: 70.837 Thread 0x00000248493e79a0 nmethod 1624 0x0000024836d24590 code [0x0000024836d24740, 0x0000024836d24958]
Event: 70.842 Thread 0x00000248493e79a0 1626       3       java.lang.String::newStringUTF8NoRepl (276 bytes)
Event: 70.844 Thread 0x00000248493e79a0 nmethod 1626 0x0000024836d24a10 code [0x0000024836d24cc0, 0x0000024836d25c88]
Event: 70.848 Thread 0x00000248493e79a0 1627       3       java.util.zip.ZipFile$ZipFileInflaterInputStream::<init> (14 bytes)
Event: 70.848 Thread 0x00000248493e79a0 nmethod 1627 0x0000024836d26190 code [0x0000024836d26340, 0x0000024836d264d8]
Event: 70.857 Thread 0x00000248493e79a0 1628       3       java.io.FileOutputStream$1::close (11 bytes)
Event: 70.857 Thread 0x00000248493e79a0 nmethod 1628 0x0000024836d26610 code [0x0000024836d267e0, 0x0000024836d26cd8]
Event: 70.989 Thread 0x00000248493e1080 1629       4       java.lang.String::startsWith (138 bytes)
Event: 71.997 Thread 0x00000248493e1080 nmethod 1629 0x000002483e5b4210 code [0x000002483e5b43a0, 0x000002483e5b45b8]
Event: 72.047 Thread 0x00000248493e1080 1630 % !   4       org.gradle.wrapper.Install::unzip @ 104 (162 bytes)

GC Heap History (2 events):
Event: 30.213 GC heap before
{Heap before GC invocations=0 (full 0):
 garbage-first heap   total 65536K, used 22528K [0x00000000fc000000, 0x0000000100000000)
  region size 1024K, 23 young (23552K), 0 survivors (0K)
 Metaspace       used 8590K, committed 8704K, reserved 1114112K
  class space    used 918K, committed 960K, reserved 1048576K
}
Event: 30.252 GC heap after
{Heap after GC invocations=1 (full 0):
 garbage-first heap   total 65536K, used 3664K [0x00000000fc000000, 0x0000000100000000)
  region size 1024K, 3 young (3072K), 3 survivors (3072K)
 Metaspace       used 8590K, committed 8704K, reserved 1114112K
  class space    used 918K, committed 960K, reserved 1048576K
}

Deoptimization events (20 events):
Event: 70.317 Thread 0x0000024849409360 DEOPT PACKING pc=0x000002483e57ab98 sp=0x000000b5a75feb60
Event: 70.317 Thread 0x0000024849409360 DEOPT UNPACKING pc=0x000002483dfb23a3 sp=0x000000b5a75feae8 mode 2
Event: 70.317 Thread 0x0000024849409360 Uncommon trap: trap_request=0xffffff45 fr.pc=0x000002483e5719b4 relative=0x00000000000002f4
Event: 70.317 Thread 0x0000024849409360 Uncommon trap: reason=unstable_if action=reinterpret pc=0x000002483e5719b4 method=java.lang.ThreadLocal.get()Ljava/lang/Object; @ 11 c2
Event: 70.317 Thread 0x0000024849409360 DEOPT PACKING pc=0x000002483e5719b4 sp=0x000000b5a75feca0
Event: 70.317 Thread 0x0000024849409360 DEOPT UNPACKING pc=0x000002483dfb23a3 sp=0x000000b5a75fec00 mode 2
Event: 70.317 Thread 0x0000024849409360 Uncommon trap: trap_request=0xffffff45 fr.pc=0x000002483e570188 relative=0x00000000000000e8
Event: 70.317 Thread 0x0000024849409360 Uncommon trap: reason=unstable_if action=reinterpret pc=0x000002483e570188 method=java.lang.ThreadLocal$ThreadLocalMap.getEntry(Ljava/lang/ThreadLocal;)Ljava/lang/ThreadLocal$ThreadLocalMap$Entry; @ 21 c2
Event: 70.317 Thread 0x0000024849409360 DEOPT PACKING pc=0x000002483e570188 sp=0x000000b5a75feb10
Event: 70.317 Thread 0x0000024849409360 DEOPT UNPACKING pc=0x000002483dfb23a3 sp=0x000000b5a75fea28 mode 2
Event: 70.330 Thread 0x0000024849409360 Uncommon trap: trap_request=0xffffff45 fr.pc=0x000002483e5784d4 relative=0x0000000000000b94
Event: 70.330 Thread 0x0000024849409360 Uncommon trap: reason=unstable_if action=reinterpret pc=0x000002483e5784d4 method=sun.nio.ch.NioSocketImpl.timedRead(Ljava/io/FileDescriptor;[BIIJ)I @ 45 c2
Event: 70.330 Thread 0x0000024849409360 DEOPT PACKING pc=0x000002483e5784d4 sp=0x000000b5a75fee80
Event: 70.330 Thread 0x0000024849409360 DEOPT UNPACKING pc=0x000002483dfb23a3 sp=0x000000b5a75fec80 mode 2
Event: 70.330 Thread 0x0000024849409360 Uncommon trap: trap_request=0xffffff45 fr.pc=0x000002483e576c00 relative=0x0000000000000200
Event: 70.330 Thread 0x0000024849409360 Uncommon trap: reason=unstable_if action=reinterpret pc=0x000002483e576c00 method=sun.nio.ch.NioSocketImpl.endRead(Z)V @ 27 c2
Event: 70.330 Thread 0x0000024849409360 DEOPT PACKING pc=0x000002483e576c00 sp=0x000000b5a75fece0
Event: 70.331 Thread 0x0000024849409360 DEOPT UNPACKING pc=0x000002483dfb23a3 sp=0x000000b5a75fec98 mode 2
Event: 70.842 Thread 0x000002482d832100 DEOPT PACKING pc=0x0000024836be9b27 sp=0x000000b5a78feb40
Event: 70.842 Thread 0x000002482d832100 DEOPT UNPACKING pc=0x000002483dfb2b43 sp=0x000000b5a78fdfa0 mode 0

Classes unloaded (0 events):
No events

Classes redefined (0 events):
No events

Internal exceptions (13 events):
Event: 0.300 Thread 0x000002482d832100 Exception <a 'sun/nio/fs/WindowsException'{0x00000000ffddad38}> (0x00000000ffddad38) 
thrown [s\open\src\hotspot\share\prims\jni.cpp, line 516]
Event: 0.326 Thread 0x000002482d832100 Exception <a 'java/lang/NoSuchMethodError'{0x00000000ffc05788}: 'int java.lang.invoke.DirectMethodHandle$Holder.invokeStaticInit(java.lang.Object, java.lang.Object, java.lang.Object, java.lang.Object)'> (0x00000000ffc05788) 
thrown [s\open\src\hotspot\share\interpreter\linkResolver.cpp, line 759]
Event: 0.328 Thread 0x000002482d832100 Exception <a 'java/lang/NoSuchMethodError'{0x00000000ffc0f4e0}: 'java.lang.Object java.lang.invoke.DirectMethodHandle$Holder.invokeInterface(java.lang.Object, java.lang.Object)'> (0x00000000ffc0f4e0) 
thrown [s\open\src\hotspot\share\interpreter\linkResolver.cpp, line 759]
Event: 0.329 Thread 0x000002482d832100 Exception <a 'java/lang/IncompatibleClassChangeError'{0x00000000ffc12e00}: Found class java.lang.Object, but interface was expected> (0x00000000ffc12e00) 
thrown [s\open\src\hotspot\share\interpreter\linkResolver.cpp, line 826]
Event: 0.330 Thread 0x000002482d832100 Exception <a 'java/lang/NoSuchMethodError'{0x00000000ffc160f0}: 'void java.lang.invoke.DirectMethodHandle$Holder.invokeStatic(java.lang.Object, java.lang.Object)'> (0x00000000ffc160f0) 
thrown [s\open\src\hotspot\share\interpreter\linkResolver.cpp, line 759]
Event: 0.330 Thread 0x000002482d832100 Exception <a 'java/lang/NoSuchMethodError'{0x00000000ffc19a08}: 'void java.lang.invoke.DirectMethodHandle$Holder.invokeStaticInit(java.lang.Object, java.lang.Object)'> (0x00000000ffc19a08) 
thrown [s\open\src\hotspot\share\interpreter\linkResolver.cpp, line 759]
Event: 0.332 Thread 0x000002482d832100 Exception <a 'java/lang/NoSuchMethodError'{0x00000000ffc205d8}: 'int java.lang.invoke.DirectMethodHandle$Holder.invokeStaticInit(java.lang.Object, java.lang.Object)'> (0x00000000ffc205d8) 
thrown [s\open\src\hotspot\share\interpreter\linkResolver.cpp, line 759]
Event: 0.524 Thread 0x000002482d832100 Exception <a 'java/lang/NoSuchMethodError'{0x00000000ff8a7d80}: 'java.lang.Object java.lang.invoke.DirectMethodHandle$Holder.invokeStaticInit(java.lang.Object, int, int, int, int)'> (0x00000000ff8a7d80) 
thrown [s\open\src\hotspot\share\interpreter\linkResolver.cpp, line 759]
Event: 0.695 Thread 0x000002482d832100 Exception <a 'java/lang/NoSuchMethodError'{0x00000000ff77da08}: 'java.lang.Object java.lang.invoke.DirectMethodHandle$Holder.invokeStaticInit(java.lang.Object, java.lang.Object, int, int, int, int)'> (0x00000000ff77da08) 
thrown [s\open\src\hotspot\share\interpreter\linkResolver.cpp, line 759]
Event: 0.721 Thread 0x000002482d832100 Exception <a 'java/lang/NoSuchMethodError'{0x00000000ff796400}: 'java.lang.Object java.lang.invoke.DirectMethodHandle$Holder.invokeStaticInit(java.lang.Object)'> (0x00000000ff796400) 
thrown [s\open\src\hotspot\share\interpreter\linkResolver.cpp, line 759]
Event: 2.513 Thread 0x000002482d832100 Implicit null exception at 0x000002483e52348c to 0x000002483e52364d
Event: 70.317 Thread 0x0000024849409360 Implicit null exception at 0x000002483e5716f5 to 0x000002483e57199c
Event: 70.317 Thread 0x0000024849409360 Implicit null exception at 0x000002483e5700f7 to 0x000002483e570170

VM Operations (20 events):
Event: 14.904 Executing VM operation: Cleanup
Event: 14.904 Executing VM operation: Cleanup done
Event: 15.911 Executing VM operation: Cleanup
Event: 15.911 Executing VM operation: Cleanup done
Event: 27.038 Executing VM operation: Cleanup
Event: 27.038 Executing VM operation: Cleanup done
Event: 30.201 Executing VM operation: G1CollectForAllocation
Event: 30.254 Executing VM operation: G1CollectForAllocation done
Event: 60.192 Executing VM operation: HandshakeAllThreads
Event: 60.192 Executing VM operation: HandshakeAllThreads done
Event: 61.198 Executing VM operation: Cleanup
Event: 61.198 Executing VM operation: Cleanup done
Event: 66.250 Executing VM operation: Cleanup
Event: 66.250 Executing VM operation: Cleanup done
Event: 69.257 Executing VM operation: Cleanup
Event: 69.648 Executing VM operation: Cleanup done
Event: 70.657 Executing VM operation: Cleanup
Event: 70.657 Executing VM operation: Cleanup done
Event: 71.671 Executing VM operation: Cleanup
Event: 71.671 Executing VM operation: Cleanup done

Events (20 events):
Event: 2.568 Thread 0x000002484940b1c0 Thread exited: 0x000002484940b1c0
Event: 3.911 loading class sun/net/www/protocol/http/HttpURLConnection$HttpInputStream
Event: 3.911 loading class sun/net/www/protocol/http/HttpURLConnection$HttpInputStream done
Event: 3.912 Thread 0x000002488f1d0880 Thread exited: 0x000002488f1d0880
Event: 6.552 loading class java/util/concurrent/locks/AbstractQueuedSynchronizer$Node
Event: 6.553 loading class java/util/concurrent/locks/AbstractQueuedSynchronizer$Node done
Event: 7.453 loading class jdk/internal/access/foreign/MemorySegmentProxy
Event: 7.453 loading class jdk/internal/access/foreign/MemorySegmentProxy done
Event: 65.306 loading class sun/net/www/http/KeepAliveCache$1
Event: 65.308 loading class sun/net/www/http/KeepAliveCache$1 done
Event: 65.310 Thread 0x0000024849409360 Thread added: 0x0000024849409360
Event: 65.311 loading class sun/net/www/http/ClientVector
Event: 65.312 loading class sun/net/www/http/ClientVector done
Event: 65.313 loading class sun/net/www/http/KeepAliveEntry
Event: 65.313 loading class sun/net/www/http/KeepAliveEntry done
Event: 65.315 loading class java/io/FileOutputStream$1
Event: 65.316 loading class java/io/FileOutputStream$1 done
Event: 65.367 loading class java/util/zip/ZipFile$ZipEntryIterator
Event: 65.368 loading class java/util/zip/ZipFile$ZipEntryIterator done
Event: 70.332 Thread 0x0000024849409360 Thread exited: 0x0000024849409360


Dynamic libraries:
0x00007ff6c6130000 - 0x00007ff6c6140000 	C:\Program Files\Java\jdk-17\bin\java.exe
0x00007ffaa4160000 - 0x00007ffaa43c0000 	C:\WINDOWS\SYSTEM32\ntdll.dll
0x00007ffaa3020000 - 0x00007ffaa30e7000 	C:\WINDOWS\System32\KERNEL32.DLL
0x00007ffaa1a40000 - 0x00007ffaa1e0b000 	C:\WINDOWS\System32\KERNELBASE.dll
0x00007ffaa1e10000 - 0x00007ffaa1f5b000 	C:\WINDOWS\System32\ucrtbase.dll
0x00007ffa7b790000 - 0x00007ffa7b7a9000 	C:\Program Files\Java\jdk-17\bin\jli.dll
0x00007ffa776c0000 - 0x00007ffa776db000 	C:\Program Files\Java\jdk-17\bin\VCRUNTIME140.dll
0x00007ffaa2160000 - 0x00007ffaa2213000 	C:\WINDOWS\System32\ADVAPI32.dll
0x00007ffaa4070000 - 0x00007ffaa4119000 	C:\WINDOWS\System32\msvcrt.dll
0x00007ffaa3de0000 - 0x00007ffaa3e86000 	C:\WINDOWS\System32\sechost.dll
0x00007ffaa3590000 - 0x00007ffaa36a6000 	C:\WINDOWS\System32\RPCRT4.dll
0x00007ffaa3ea0000 - 0x00007ffaa406c000 	C:\WINDOWS\System32\USER32.dll
0x00007ffa87e60000 - 0x00007ffa880f7000 	C:\WINDOWS\WinSxS\amd64_microsoft.windows.common-controls_6595b64144ccf1df_6.0.26100.3624_none_3e086962e3345f24\COMCTL32.dll
0x00007ffaa1890000 - 0x00007ffaa18b7000 	C:\WINDOWS\System32\win32u.dll
0x00007ffaa3510000 - 0x00007ffaa353a000 	C:\WINDOWS\System32\GDI32.dll
0x00007ffaa1750000 - 0x00007ffaa1881000 	C:\WINDOWS\System32\gdi32full.dll
0x00007ffaa13d0000 - 0x00007ffaa1473000 	C:\WINDOWS\System32\msvcp_win.dll
0x00007ffa99540000 - 0x00007ffa9954b000 	C:\WINDOWS\SYSTEM32\VERSION.dll
0x00007ffaa2d60000 - 0x00007ffaa2d8f000 	C:\WINDOWS\System32\IMM32.DLL
0x00007ffa88c50000 - 0x00007ffa88c5c000 	C:\Program Files\Java\jdk-17\bin\vcruntime140_1.dll
0x00007ffa3b8e0000 - 0x00007ffa3b96e000 	C:\Program Files\Java\jdk-17\bin\msvcp140.dll
0x00007ffa076b0000 - 0x00007ffa08290000 	C:\Program Files\Java\jdk-17\bin\server\jvm.dll
0x00007ffaa3500000 - 0x00007ffaa3508000 	C:\WINDOWS\System32\PSAPI.DLL
0x00007ffa88bf0000 - 0x00007ffa88bfa000 	C:\WINDOWS\SYSTEM32\WSOCK32.dll
0x00007ffa99500000 - 0x00007ffa99536000 	C:\WINDOWS\SYSTEM32\WINMM.dll
0x00007ffaa3200000 - 0x00007ffaa3274000 	C:\WINDOWS\System32\WS2_32.dll
0x00007ffaa0130000 - 0x00007ffaa014a000 	C:\WINDOWS\SYSTEM32\kernel.appcore.dll
0x00007ffa86730000 - 0x00007ffa8673a000 	C:\Program Files\Java\jdk-17\bin\jimage.dll
0x00007ffa944b0000 - 0x00007ffa946f1000 	C:\WINDOWS\SYSTEM32\DBGHELP.DLL
0x00007ffaa2330000 - 0x00007ffaa26b3000 	C:\WINDOWS\System32\combase.dll
0x00007ffaa2f40000 - 0x00007ffaa3016000 	C:\WINDOWS\System32\OLEAUT32.dll
0x00007ffa885b0000 - 0x00007ffa885e9000 	C:\WINDOWS\SYSTEM32\dbgcore.DLL
0x00007ffaa16b0000 - 0x00007ffaa1749000 	C:\WINDOWS\System32\bcryptPrimitives.dll
0x00007ffa6bb80000 - 0x00007ffa6bba5000 	C:\Program Files\Java\jdk-17\bin\java.dll
0x00007ffa3afc0000 - 0x00007ffa3b097000 	C:\Program Files\Java\jdk-17\bin\jsvml.dll
0x00007ffaa36b0000 - 0x00007ffaa3dd9000 	C:\WINDOWS\System32\SHELL32.dll
0x00007ffaa1480000 - 0x00007ffaa15e8000 	C:\WINDOWS\System32\wintypes.dll
0x00007ffa9efc0000 - 0x00007ffa9f812000 	C:\WINDOWS\SYSTEM32\windows.storage.dll
0x00007ffaa1f60000 - 0x00007ffaa204d000 	C:\WINDOWS\System32\SHCORE.dll
0x00007ffaa20e0000 - 0x00007ffaa2144000 	C:\WINDOWS\System32\shlwapi.dll
0x00007ffaa1250000 - 0x00007ffaa127f000 	C:\WINDOWS\SYSTEM32\profapi.dll
0x00007ffa77040000 - 0x00007ffa77059000 	C:\Program Files\Java\jdk-17\bin\net.dll
0x00007ffa99240000 - 0x00007ffa9935d000 	C:\WINDOWS\SYSTEM32\WINHTTP.dll
0x00007ffaa0670000 - 0x00007ffaa06da000 	C:\WINDOWS\system32\mswsock.dll
0x00007ffa74a00000 - 0x00007ffa74a16000 	C:\Program Files\Java\jdk-17\bin\nio.dll
0x00007ffa74530000 - 0x00007ffa74548000 	C:\Program Files\Java\jdk-17\bin\zip.dll
0x00007ffa7f750000 - 0x00007ffa7f760000 	C:\Program Files\Java\jdk-17\bin\verify.dll
0x00007ffaa0910000 - 0x00007ffaa092c000 	C:\WINDOWS\SYSTEM32\CRYPTSP.dll
0x00007ffaa0090000 - 0x00007ffaa00ca000 	C:\WINDOWS\system32\rsaenh.dll
0x00007ffaa0710000 - 0x00007ffaa073b000 	C:\WINDOWS\SYSTEM32\USERENV.dll
0x00007ffaa0b50000 - 0x00007ffaa0b76000 	C:\WINDOWS\SYSTEM32\bcrypt.dll
0x00007ffaa0930000 - 0x00007ffaa093c000 	C:\WINDOWS\SYSTEM32\CRYPTBASE.dll
0x00007ffa9fb80000 - 0x00007ffa9fbb3000 	C:\WINDOWS\SYSTEM32\IPHLPAPI.DLL
0x00007ffaa2220000 - 0x00007ffaa222a000 	C:\WINDOWS\System32\NSI.dll
0x00007ffa994d0000 - 0x00007ffa994ef000 	C:\WINDOWS\SYSTEM32\dhcpcsvc6.DLL
0x00007ffa990f0000 - 0x00007ffa99115000 	C:\WINDOWS\SYSTEM32\dhcpcsvc.DLL
0x00007ffa9fc20000 - 0x00007ffa9fd45000 	C:\WINDOWS\SYSTEM32\DNSAPI.dll
0x00007ffa7e840000 - 0x00007ffa7e84e000 	C:\Program Files\Java\jdk-17\bin\sunmscapi.dll
0x00007ffaa18c0000 - 0x00007ffaa1a37000 	C:\WINDOWS\System32\CRYPT32.dll
0x00007ffaa0b10000 - 0x00007ffaa0b40000 	C:\WINDOWS\SYSTEM32\ncrypt.dll
0x00007ffaa0ac0000 - 0x00007ffaa0aff000 	C:\WINDOWS\SYSTEM32\NTASN1.dll
0x00007ffa8d7c0000 - 0x00007ffa8d7cb000 	C:\Windows\System32\rasadhlp.dll
0x00007ffa96780000 - 0x00007ffa96805000 	C:\WINDOWS\System32\fwpuclnt.dll

dbghelp: loaded successfully - version: 4.0.5 - missing functions: none
symbol engine: initialized successfully - sym options: 0x614 - pdb path: .;C:\Program Files\Java\jdk-17\bin;C:\WINDOWS\SYSTEM32;C:\WINDOWS\WinSxS\amd64_microsoft.windows.common-controls_6595b64144ccf1df_6.0.26100.3624_none_3e086962e3345f24;C:\Program Files\Java\jdk-17\bin\server

VM Arguments:
jvm_args: -Xmx64m -Xms64m -Dorg.gradle.appname=gradlew 
java_command: org.gradle.wrapper.GradleWrapperMain app:installDebug -PreactNativeDevServerPort=8081
java_class_path (initial): C:\Users\xurde\Desktop\vanitya\Vanitya\android\\gradle\wrapper\gradle-wrapper.jar
Launcher Type: SUN_STANDARD

[Global flags]
     intx CICompilerCount                          = 4                                         {product} {ergonomic}
     uint ConcGCThreads                            = 3                                         {product} {ergonomic}
     uint G1ConcRefinementThreads                  = 10                                        {product} {ergonomic}
   size_t G1HeapRegionSize                         = 1048576                                   {product} {ergonomic}
    uintx GCDrainStackTargetSize                   = 64                                        {product} {ergonomic}
   size_t InitialHeapSize                          = 67108864                                  {product} {command line}
   size_t MarkStackSize                            = 4194304                                   {product} {ergonomic}
   size_t MaxHeapSize                              = 67108864                                  {product} {command line}
   size_t MaxNewSize                               = 39845888                                  {product} {ergonomic}
   size_t MinHeapDeltaBytes                        = 1048576                                   {product} {ergonomic}
   size_t MinHeapSize                              = 67108864                                  {product} {command line}
    uintx NonNMethodCodeHeapSize                   = 5839372                                {pd product} {ergonomic}
    uintx NonProfiledCodeHeapSize                  = 122909434                              {pd product} {ergonomic}
    uintx ProfiledCodeHeapSize                     = 122909434                              {pd product} {ergonomic}
    uintx ReservedCodeCacheSize                    = 251658240                              {pd product} {ergonomic}
     bool SegmentedCodeCache                       = true                                      {product} {ergonomic}
   size_t SoftMaxHeapSize                          = 67108864                               {manageable} {ergonomic}
     bool UseCompressedClassPointers               = true                           {product lp64_product} {ergonomic}
     bool UseCompressedOops                        = true                           {product lp64_product} {ergonomic}
     bool UseG1GC                                  = true                                      {product} {ergonomic}
     bool UseLargePagesIndividualAllocation        = false                                  {pd product} {ergonomic}

Logging:
Log output configuration:
 #0: stdout all=warning uptime,level,tags
 #1: stderr all=off uptime,level,tags

Environment Variables:
CLASSPATH=C:\Users\xurde\Desktop\vanitya\Vanitya\android\\gradle\wrapper\gradle-wrapper.jar
PATH=C:\Users\xurde\Desktop\vanitya\Vanitya\node_modules\.bin;C:\Users\xurde\Desktop\vanitya\Vanitya\node_modules\.bin;C:\Users\xurde\Desktop\vanitya\node_modules\.bin;C:\Users\xurde\Desktop\node_modules\.bin;C:\Users\xurde\node_modules\.bin;C:\Users\node_modules\.bin;C:\node_modules\.bin;C:\Users\xurde\AppData\Roaming\npm\node_modules\npm\node_modules\@npmcli\run-script\lib\node-gyp-bin;C:\Program Files\Common Files\Oracle\Java\javapath;C:\WINDOWS\system32;C:\WINDOWS;C:\WINDOWS\System32\Wbem;C:\WINDOWS\System32\WindowsPowerShell\v1.0\;C:\WINDOWS\System32\OpenSSH\;C:\Program Files (x86)\NVIDIA Corporation\PhysX\Common;C:\Program Files\nodejs\;C:\ProgramData\chocolatey\bin;C:\Program Files\Git\cmd;C:\Program Files\NVIDIA Corporation\NVIDIA app\NvDLISR;C:\Users\xurde\AppData\Local\Programs\Python\Python312\Scripts\;C:\Users\xurde\AppData\Local\Programs\Python\Python312\;C:\Users\xurde\AppData\Local\Programs\Python\Launcher\;C:\Users\xurde\AppData\Local\Microsoft\WindowsApps;C:\Users\xurde\AppData\Roaming\npm;C:\Users\xurde\AppData\Local\GitHubDesktop\bin;C:\Users\xurde\AppData\Local\Programs\Microsoft VS Code\bin;
USERNAME=xurde
LANG=en_US.UTF-8
OS=Windows_NT
PROCESSOR_IDENTIFIER=AMD64 Family 25 Model 80 Stepping 0, AuthenticAMD



---------------  S Y S T E M  ---------------

OS:
 Windows 11 , 64 bit Build 26100 (10.0.26100.3624)
OS uptime: 4 days 2:14 hours
Hyper-V role detected

CPU: total 12 (initial active 12) (12 cores per cpu, 2 threads per core) family 25 model 80 stepping 0 microcode 0xa50000f, cx8, cmov, fxsr, ht, mmx, 3dnowpref, sse, sse2, sse3, ssse3, sse4a, sse4.1, sse4.2, popcnt, lzcnt, tsc, tscinvbit, avx, avx2, aes, erms, clmul, bmi1, bmi2, adx, sha, fma, vzeroupper, clflush, clflushopt, hv

Memory: 4k page, system-wide physical 7521M (647M free)
TotalPageFile size 31073M (AvailPageFile size 2M)
current process WorkingSet (physical memory assigned to process): 58M, peak: 86M
current process commit charge ("private bytes"): 161M, peak: 176M

vm_info: Java HotSpot(TM) 64-Bit Server VM (17.0.11+7-LTS-207) for windows-amd64 JRE (17.0.11+7-LTS-207), built on Mar 11 2024 19:01:50 by "mach5one" with MS VC++ 17.6 (VS2022)

END.
